Analysis & Synthesis report for week_07b
Thu Nov 09 17:31:02 2023
Quartus Prime Version 20.1.1 Build 720 11/11/2020 SJ Lite Edition


---------------------
; Table of Contents ;
---------------------
  1. Legal Notice
  2. Analysis & Synthesis Summary
  3. Analysis & Synthesis Settings
  4. Parallel Compilation
  5. Analysis & Synthesis Source Files Read
  6. Analysis & Synthesis Resource Usage Summary
  7. Analysis & Synthesis Resource Utilization by Entity
  8. Registers Removed During Synthesis
  9. General Register Statistics
 10. Multiplexer Restructuring Statistics (Restructuring Performed)
 11. Parameter Settings for User Entity Instance: timer:u5
 12. Parameter Settings for User Entity Instance: moore_state_machine:u12
 13. Port Connectivity Checks: "bcd_counter:u11"
 14. Port Connectivity Checks: "segment7:digit5"
 15. Port Connectivity Checks: "segment7:digit4"
 16. Port Connectivity Checks: "segment7:digit3"
 17. Port Connectivity Checks: "segment7:digit2"
 18. Port Connectivity Checks: "segment7:digit1"
 19. Port Connectivity Checks: "segment7:digit0"
 20. Post-Synthesis Netlist Statistics for Top Partition
 21. Elapsed Time Per Partition
 22. Analysis & Synthesis Messages
 23. Analysis & Synthesis Suppressed Messages



----------------
; Legal Notice ;
----------------
Copyright (C) 2020  Intel Corporation. All rights reserved.
Your use of Intel Corporation's design tools, logic functions 
and other software and tools, and any partner logic 
functions, and any output files from any of the foregoing 
(including device programming or simulation files), and any 
associated documentation or information are expressly subject 
to the terms and conditions of the Intel Program License 
Subscription Agreement, the Intel Quartus Prime License Agreement,
the Intel FPGA IP License Agreement, or other applicable license
agreement, including, without limitation, that your use is for
the sole purpose of programming logic devices manufactured by
Intel and sold by Intel or its authorized distributors.  Please
refer to the applicable agreement for further details, at
https://fpgasoftware.intel.com/eula.



+-------------------------------------------------------------------------------+
; Analysis & Synthesis Summary                                                  ;
+---------------------------------+---------------------------------------------+
; Analysis & Synthesis Status     ; Successful - Thu Nov 09 17:31:02 2023       ;
; Quartus Prime Version           ; 20.1.1 Build 720 11/11/2020 SJ Lite Edition ;
; Revision Name                   ; week_07b                                    ;
; Top-level Entity Name           ; week_07b                                    ;
; Family                          ; Cyclone V                                   ;
; Logic utilization (in ALMs)     ; N/A                                         ;
; Total registers                 ; 58                                          ;
; Total pins                      ; 67                                          ;
; Total virtual pins              ; 0                                           ;
; Total block memory bits         ; 0                                           ;
; Total DSP Blocks                ; 0                                           ;
; Total HSSI RX PCSs              ; 0                                           ;
; Total HSSI PMA RX Deserializers ; 0                                           ;
; Total HSSI TX PCSs              ; 0                                           ;
; Total HSSI PMA TX Serializers   ; 0                                           ;
; Total PLLs                      ; 0                                           ;
; Total DLLs                      ; 0                                           ;
+---------------------------------+---------------------------------------------+


+---------------------------------------------------------------------------------------------------------------------------+
; Analysis & Synthesis Settings                                                                                             ;
+---------------------------------------------------------------------------------+--------------------+--------------------+
; Option                                                                          ; Setting            ; Default Value      ;
+---------------------------------------------------------------------------------+--------------------+--------------------+
; Device                                                                          ; 5CSEMA5F31C6       ;                    ;
; Top-level entity name                                                           ; week_07b           ; week_07b           ;
; Family name                                                                     ; Cyclone V          ; Cyclone V          ;
; Use smart compilation                                                           ; Off                ; Off                ;
; Enable parallel Assembler and Timing Analyzer during compilation                ; On                 ; On                 ;
; Enable compact report table                                                     ; Off                ; Off                ;
; Restructure Multiplexers                                                        ; Auto               ; Auto               ;
; MLAB Add Timing Constraints For Mixed-Port Feed-Through Mode Setting Don't Care ; Off                ; Off                ;
; Create Debugging Nodes for IP Cores                                             ; Off                ; Off                ;
; Preserve fewer node names                                                       ; On                 ; On                 ;
; Intel FPGA IP Evaluation Mode                                                   ; Enable             ; Enable             ;
; Verilog Version                                                                 ; Verilog_2001       ; Verilog_2001       ;
; VHDL Version                                                                    ; VHDL_1993          ; VHDL_1993          ;
; State Machine Processing                                                        ; Auto               ; Auto               ;
; Safe State Machine                                                              ; Off                ; Off                ;
; Extract Verilog State Machines                                                  ; On                 ; On                 ;
; Extract VHDL State Machines                                                     ; On                 ; On                 ;
; Ignore Verilog initial constructs                                               ; Off                ; Off                ;
; Iteration limit for constant Verilog loops                                      ; 5000               ; 5000               ;
; Iteration limit for non-constant Verilog loops                                  ; 250                ; 250                ;
; Add Pass-Through Logic to Inferred RAMs                                         ; On                 ; On                 ;
; Infer RAMs from Raw Logic                                                       ; On                 ; On                 ;
; Parallel Synthesis                                                              ; On                 ; On                 ;
; DSP Block Balancing                                                             ; Auto               ; Auto               ;
; NOT Gate Push-Back                                                              ; On                 ; On                 ;
; Power-Up Don't Care                                                             ; On                 ; On                 ;
; Remove Redundant Logic Cells                                                    ; Off                ; Off                ;
; Remove Duplicate Registers                                                      ; On                 ; On                 ;
; Ignore CARRY Buffers                                                            ; Off                ; Off                ;
; Ignore CASCADE Buffers                                                          ; Off                ; Off                ;
; Ignore GLOBAL Buffers                                                           ; Off                ; Off                ;
; Ignore ROW GLOBAL Buffers                                                       ; Off                ; Off                ;
; Ignore LCELL Buffers                                                            ; Off                ; Off                ;
; Ignore SOFT Buffers                                                             ; On                 ; On                 ;
; Limit AHDL Integers to 32 Bits                                                  ; Off                ; Off                ;
; Optimization Technique                                                          ; Balanced           ; Balanced           ;
; Carry Chain Length                                                              ; 70                 ; 70                 ;
; Auto Carry Chains                                                               ; On                 ; On                 ;
; Auto Open-Drain Pins                                                            ; On                 ; On                 ;
; Perform WYSIWYG Primitive Resynthesis                                           ; Off                ; Off                ;
; Auto ROM Replacement                                                            ; On                 ; On                 ;
; Auto RAM Replacement                                                            ; On                 ; On                 ;
; Auto DSP Block Replacement                                                      ; On                 ; On                 ;
; Auto Shift Register Replacement                                                 ; Auto               ; Auto               ;
; Allow Shift Register Merging across Hierarchies                                 ; Auto               ; Auto               ;
; Auto Clock Enable Replacement                                                   ; On                 ; On                 ;
; Strict RAM Replacement                                                          ; Off                ; Off                ;
; Allow Synchronous Control Signals                                               ; On                 ; On                 ;
; Force Use of Synchronous Clear Signals                                          ; Off                ; Off                ;
; Auto Resource Sharing                                                           ; Off                ; Off                ;
; Allow Any RAM Size For Recognition                                              ; Off                ; Off                ;
; Allow Any ROM Size For Recognition                                              ; Off                ; Off                ;
; Allow Any Shift Register Size For Recognition                                   ; Off                ; Off                ;
; Use LogicLock Constraints during Resource Balancing                             ; On                 ; On                 ;
; Ignore translate_off and synthesis_off directives                               ; Off                ; Off                ;
; Timing-Driven Synthesis                                                         ; On                 ; On                 ;
; Report Parameter Settings                                                       ; On                 ; On                 ;
; Report Source Assignments                                                       ; On                 ; On                 ;
; Report Connectivity Checks                                                      ; On                 ; On                 ;
; Ignore Maximum Fan-Out Assignments                                              ; Off                ; Off                ;
; Synchronization Register Chain Length                                           ; 3                  ; 3                  ;
; Power Optimization During Synthesis                                             ; Normal compilation ; Normal compilation ;
; HDL message level                                                               ; Level2             ; Level2             ;
; Suppress Register Optimization Related Messages                                 ; Off                ; Off                ;
; Number of Removed Registers Reported in Synthesis Report                        ; 5000               ; 5000               ;
; Number of Swept Nodes Reported in Synthesis Report                              ; 5000               ; 5000               ;
; Number of Inverted Registers Reported in Synthesis Report                       ; 100                ; 100                ;
; Clock MUX Protection                                                            ; On                 ; On                 ;
; Auto Gated Clock Conversion                                                     ; Off                ; Off                ;
; Block Design Naming                                                             ; Auto               ; Auto               ;
; SDC constraint protection                                                       ; Off                ; Off                ;
; Synthesis Effort                                                                ; Auto               ; Auto               ;
; Shift Register Replacement - Allow Asynchronous Clear Signal                    ; On                 ; On                 ;
; Pre-Mapping Resynthesis Optimization                                            ; Off                ; Off                ;
; Analysis & Synthesis Message Level                                              ; Medium             ; Medium             ;
; Disable Register Merging Across Hierarchies                                     ; Auto               ; Auto               ;
; Resource Aware Inference For Block RAM                                          ; On                 ; On                 ;
; Automatic Parallel Synthesis                                                    ; On                 ; On                 ;
; Partial Reconfiguration Bitstream ID                                            ; Off                ; Off                ;
+---------------------------------------------------------------------------------+--------------------+--------------------+


+------------------------------------------+
; Parallel Compilation                     ;
+----------------------------+-------------+
; Processors                 ; Number      ;
+----------------------------+-------------+
; Number detected on machine ; 6           ;
; Maximum allowed            ; 6           ;
;                            ;             ;
; Average used               ; 1.00        ;
; Maximum used               ; 6           ;
;                            ;             ;
; Usage by Processor         ; % Time Used ;
;     Processor 1            ; 100.0%      ;
;     Processors 2-6         ;   0.0%      ;
+----------------------------+-------------+


+--------------------------------------------------------------------------------------------------------------------------------------------------------+
; Analysis & Synthesis Source Files Read                                                                                                                 ;
+----------------------------------+-----------------+------------------------+----------------------------------------------------------------+---------+
; File Name with User-Entered Path ; Used in Netlist ; File Type              ; File Name with Absolute Path                                   ; Library ;
+----------------------------------+-----------------+------------------------+----------------------------------------------------------------+---------+
; timer.v                          ; yes             ; User Verilog HDL File  ; C:/intelFPGA_lite/xbastyr/PV200/week_07b/timer.v               ;         ;
; week_07b.v                       ; yes             ; User Verilog HDL File  ; C:/intelFPGA_lite/xbastyr/PV200/week_07b/week_07b.v            ;         ;
; segment7.v                       ; yes             ; User Verilog HDL File  ; C:/intelFPGA_lite/xbastyr/PV200/week_07b/segment7.v            ;         ;
; moore_state_machine.v            ; yes             ; User Verilog HDL File  ; C:/intelFPGA_lite/xbastyr/PV200/week_07b/moore_state_machine.v ;         ;
; find_rise.v                      ; yes             ; User Verilog HDL File  ; C:/intelFPGA_lite/xbastyr/PV200/week_07b/find_rise.v           ;         ;
; bcd_counter.v                    ; yes             ; User Verilog HDL File  ; C:/intelFPGA_lite/xbastyr/PV200/week_07b/bcd_counter.v         ;         ;
+----------------------------------+-----------------+------------------------+----------------------------------------------------------------+---------+


+--------------------------------------------------------------+
; Analysis & Synthesis Resource Usage Summary                  ;
+---------------------------------------------+----------------+
; Resource                                    ; Usage          ;
+---------------------------------------------+----------------+
; Estimate of Logic utilization (ALMs needed) ; 58             ;
;                                             ;                ;
; Combinational ALUT usage for logic          ; 106            ;
;     -- 7 input functions                    ; 1              ;
;     -- 6 input functions                    ; 8              ;
;     -- 5 input functions                    ; 13             ;
;     -- 4 input functions                    ; 50             ;
;     -- <=3 input functions                  ; 34             ;
;                                             ;                ;
; Dedicated logic registers                   ; 58             ;
;                                             ;                ;
; I/O pins                                    ; 67             ;
;                                             ;                ;
; Total DSP Blocks                            ; 0              ;
;                                             ;                ;
; Maximum fan-out node                        ; CLOCK_50~input ;
; Maximum fan-out                             ; 58             ;
; Total fan-out                               ; 660            ;
; Average fan-out                             ; 2.21           ;
+---------------------------------------------+----------------+


+----------------------------------------------------------------------------------------------------------------------------------------------------------------------------------------------------------------+
; Analysis & Synthesis Resource Utilization by Entity                                                                                                                                                            ;
+------------------------------+---------------------+---------------------------+-------------------+------------+------+--------------+-----------------------------------+---------------------+--------------+
; Compilation Hierarchy Node   ; Combinational ALUTs ; Dedicated Logic Registers ; Block Memory Bits ; DSP Blocks ; Pins ; Virtual Pins ; Full Hierarchy Name               ; Entity Name         ; Library Name ;
+------------------------------+---------------------+---------------------------+-------------------+------------+------+--------------+-----------------------------------+---------------------+--------------+
; |week_07b                    ; 106 (0)             ; 58 (0)                    ; 0                 ; 0          ; 67   ; 0            ; |week_07b                         ; week_07b            ; work         ;
;    |bcd_counter:u10|         ; 5 (5)               ; 5 (5)                     ; 0                 ; 0          ; 0    ; 0            ; |week_07b|bcd_counter:u10         ; bcd_counter         ; work         ;
;    |bcd_counter:u11|         ; 4 (4)               ; 4 (4)                     ; 0                 ; 0          ; 0    ; 0            ; |week_07b|bcd_counter:u11         ; bcd_counter         ; work         ;
;    |bcd_counter:u6|          ; 5 (5)               ; 5 (5)                     ; 0                 ; 0          ; 0    ; 0            ; |week_07b|bcd_counter:u6          ; bcd_counter         ; work         ;
;    |bcd_counter:u7|          ; 5 (5)               ; 5 (5)                     ; 0                 ; 0          ; 0    ; 0            ; |week_07b|bcd_counter:u7          ; bcd_counter         ; work         ;
;    |bcd_counter:u8|          ; 5 (5)               ; 5 (5)                     ; 0                 ; 0          ; 0    ; 0            ; |week_07b|bcd_counter:u8          ; bcd_counter         ; work         ;
;    |bcd_counter:u9|          ; 5 (5)               ; 5 (5)                     ; 0                 ; 0          ; 0    ; 0            ; |week_07b|bcd_counter:u9          ; bcd_counter         ; work         ;
;    |find_rise:u1|            ; 2 (2)               ; 2 (2)                     ; 0                 ; 0          ; 0    ; 0            ; |week_07b|find_rise:u1            ; find_rise           ; work         ;
;    |find_rise:u2|            ; 2 (2)               ; 2 (2)                     ; 0                 ; 0          ; 0    ; 0            ; |week_07b|find_rise:u2            ; find_rise           ; work         ;
;    |find_rise:u3|            ; 2 (2)               ; 2 (2)                     ; 0                 ; 0          ; 0    ; 0            ; |week_07b|find_rise:u3            ; find_rise           ; work         ;
;    |find_rise:u4|            ; 2 (2)               ; 2 (2)                     ; 0                 ; 0          ; 0    ; 0            ; |week_07b|find_rise:u4            ; find_rise           ; work         ;
;    |moore_state_machine:u12| ; 2 (2)               ; 1 (1)                     ; 0                 ; 0          ; 0    ; 0            ; |week_07b|moore_state_machine:u12 ; moore_state_machine ; work         ;
;    |segment7:digit0|         ; 7 (7)               ; 0 (0)                     ; 0                 ; 0          ; 0    ; 0            ; |week_07b|segment7:digit0         ; segment7            ; work         ;
;    |segment7:digit1|         ; 7 (7)               ; 0 (0)                     ; 0                 ; 0          ; 0    ; 0            ; |week_07b|segment7:digit1         ; segment7            ; work         ;
;    |segment7:digit2|         ; 7 (7)               ; 0 (0)                     ; 0                 ; 0          ; 0    ; 0            ; |week_07b|segment7:digit2         ; segment7            ; work         ;
;    |segment7:digit3|         ; 7 (7)               ; 0 (0)                     ; 0                 ; 0          ; 0    ; 0            ; |week_07b|segment7:digit3         ; segment7            ; work         ;
;    |segment7:digit4|         ; 7 (7)               ; 0 (0)                     ; 0                 ; 0          ; 0    ; 0            ; |week_07b|segment7:digit4         ; segment7            ; work         ;
;    |segment7:digit5|         ; 7 (7)               ; 0 (0)                     ; 0                 ; 0          ; 0    ; 0            ; |week_07b|segment7:digit5         ; segment7            ; work         ;
;    |timer:u5|                ; 25 (25)             ; 20 (20)                   ; 0                 ; 0          ; 0    ; 0            ; |week_07b|timer:u5                ; timer               ; work         ;
+------------------------------+---------------------+---------------------------+-------------------+------------+------+--------------+-----------------------------------+---------------------+--------------+
Note: For table entries with two numbers listed, the numbers in parentheses indicate the number of resources of the given type used by the specific entity alone. The numbers listed outside of parentheses indicate the total resources of the given type used by the specific entity and all of its sub-entities in the hierarchy.


+------------------------------------------------------------------------------------+
; Registers Removed During Synthesis                                                 ;
+----------------------------------------+-------------------------------------------+
; Register name                          ; Reason for Removal                        ;
+----------------------------------------+-------------------------------------------+
; moore_state_machine:u12|freeze         ; Stuck at GND due to stuck port data_in    ;
; bcd_counter:u6|cnt[0]                  ; Merged with bcd_counter:u6|data[0]        ;
; bcd_counter:u6|cnt[1]                  ; Merged with bcd_counter:u6|data[1]        ;
; bcd_counter:u6|cnt[2]                  ; Merged with bcd_counter:u6|data[2]        ;
; bcd_counter:u6|cnt[3]                  ; Merged with bcd_counter:u6|data[3]        ;
; bcd_counter:u7|cnt[0]                  ; Merged with bcd_counter:u7|data[0]        ;
; bcd_counter:u7|cnt[1]                  ; Merged with bcd_counter:u7|data[1]        ;
; bcd_counter:u7|cnt[2]                  ; Merged with bcd_counter:u7|data[2]        ;
; bcd_counter:u7|cnt[3]                  ; Merged with bcd_counter:u7|data[3]        ;
; bcd_counter:u8|cnt[0]                  ; Merged with bcd_counter:u8|data[0]        ;
; bcd_counter:u8|cnt[1]                  ; Merged with bcd_counter:u8|data[1]        ;
; bcd_counter:u8|cnt[2]                  ; Merged with bcd_counter:u8|data[2]        ;
; bcd_counter:u8|cnt[3]                  ; Merged with bcd_counter:u8|data[3]        ;
; bcd_counter:u9|cnt[0]                  ; Merged with bcd_counter:u9|data[0]        ;
; bcd_counter:u9|cnt[1]                  ; Merged with bcd_counter:u9|data[1]        ;
; bcd_counter:u9|cnt[2]                  ; Merged with bcd_counter:u9|data[2]        ;
; bcd_counter:u9|cnt[3]                  ; Merged with bcd_counter:u9|data[3]        ;
; bcd_counter:u10|cnt[0]                 ; Merged with bcd_counter:u10|data[0]       ;
; bcd_counter:u10|cnt[1]                 ; Merged with bcd_counter:u10|data[1]       ;
; bcd_counter:u10|cnt[2]                 ; Merged with bcd_counter:u10|data[2]       ;
; bcd_counter:u10|cnt[3]                 ; Merged with bcd_counter:u10|data[3]       ;
; bcd_counter:u11|cnt[0]                 ; Merged with bcd_counter:u11|data[0]       ;
; bcd_counter:u11|cnt[1]                 ; Merged with bcd_counter:u11|data[1]       ;
; bcd_counter:u11|cnt[2]                 ; Merged with bcd_counter:u11|data[2]       ;
; bcd_counter:u11|cnt[3]                 ; Merged with bcd_counter:u11|data[3]       ;
; bcd_counter:u6|c                       ; Merged with bcd_counter:u6|carry          ;
; bcd_counter:u7|c                       ; Merged with bcd_counter:u7|carry          ;
; bcd_counter:u8|c                       ; Merged with bcd_counter:u8|carry          ;
; bcd_counter:u9|c                       ; Merged with bcd_counter:u9|carry          ;
; bcd_counter:u10|c                      ; Merged with bcd_counter:u10|carry         ;
; moore_state_machine:u12|enable         ; Merged with moore_state_machine:u12|reset ;
; Total Number of Removed Registers = 31 ;                                           ;
+----------------------------------------+-------------------------------------------+


+------------------------------------------------------+
; General Register Statistics                          ;
+----------------------------------------------+-------+
; Statistic                                    ; Value ;
+----------------------------------------------+-------+
; Total registers                              ; 58    ;
; Number of registers using Synchronous Clear  ; 49    ;
; Number of registers using Synchronous Load   ; 0     ;
; Number of registers using Asynchronous Clear ; 0     ;
; Number of registers using Asynchronous Load  ; 0     ;
; Number of registers using Clock Enable       ; 1     ;
; Number of registers using Preset             ; 0     ;
+----------------------------------------------+-------+


+------------------------------------------------------------------------------------------------------------------------------------------------+
; Multiplexer Restructuring Statistics (Restructuring Performed)                                                                                 ;
+--------------------+-----------+---------------+----------------------+------------------------+------------+----------------------------------+
; Multiplexer Inputs ; Bus Width ; Baseline Area ; Area if Restructured ; Saving if Restructured ; Registered ; Example Multiplexer Output       ;
+--------------------+-----------+---------------+----------------------+------------------------+------------+----------------------------------+
; 4:1                ; 29 bits   ; 58 LEs        ; 0 LEs                ; 58 LEs                 ; Yes        ; |week_07b|bcd_counter:u7|data[2] ;
; 4:1                ; 19 bits   ; 38 LEs        ; 0 LEs                ; 38 LEs                 ; Yes        ; |week_07b|timer:u5|timer[18]     ;
; 3:1                ; 4 bits    ; 8 LEs         ; 8 LEs                ; 0 LEs                  ; No         ; |week_07b|bcd_counter:u6|cnt     ;
; 3:1                ; 4 bits    ; 8 LEs         ; 8 LEs                ; 0 LEs                  ; No         ; |week_07b|bcd_counter:u7|cnt     ;
; 3:1                ; 4 bits    ; 8 LEs         ; 8 LEs                ; 0 LEs                  ; No         ; |week_07b|bcd_counter:u8|cnt     ;
; 3:1                ; 4 bits    ; 8 LEs         ; 8 LEs                ; 0 LEs                  ; No         ; |week_07b|bcd_counter:u9|cnt     ;
; 3:1                ; 4 bits    ; 8 LEs         ; 8 LEs                ; 0 LEs                  ; No         ; |week_07b|bcd_counter:u10|cnt    ;
; 3:1                ; 4 bits    ; 8 LEs         ; 8 LEs                ; 0 LEs                  ; No         ; |week_07b|bcd_counter:u11|cnt    ;
+--------------------+-----------+---------------+----------------------+------------------------+------------+----------------------------------+


+-------------------------------------------------------+
; Parameter Settings for User Entity Instance: timer:u5 ;
+----------------+--------+-----------------------------+
; Parameter Name ; Value  ; Type                        ;
+----------------+--------+-----------------------------+
; WIDTH          ; 19     ; Signed Integer              ;
; PERIOD         ; 500000 ; Signed Integer              ;
+----------------+--------+-----------------------------+
Note: In order to hide this table in the UI and the text report file, please set the "Show Parameter Settings in Synthesis Report" option in "Analysis and Synthesis Settings -> More Settings" to "Off".


+----------------------------------------------------------------------+
; Parameter Settings for User Entity Instance: moore_state_machine:u12 ;
+----------------+-------+---------------------------------------------+
; Parameter Name ; Value ; Type                                        ;
+----------------+-------+---------------------------------------------+
; RESET          ; 0     ; Signed Integer                              ;
; RUN            ; 1     ; Signed Integer                              ;
; FREEZE         ; 2     ; Signed Integer                              ;
; PAUSE          ; 3     ; Signed Integer                              ;
+----------------+-------+---------------------------------------------+
Note: In order to hide this table in the UI and the text report file, please set the "Show Parameter Settings in Synthesis Report" option in "Analysis and Synthesis Settings -> More Settings" to "Off".


+--------------------------------------------------------------------------------------------------------------------------------------+
; Port Connectivity Checks: "bcd_counter:u11"                                                                                          ;
+-------+--------+----------+----------------------------------------------------------------------------------------------------------+
; Port  ; Type   ; Severity ; Details                                                                                                  ;
+-------+--------+----------+----------------------------------------------------------------------------------------------------------+
; carry ; Output ; Warning  ; Declared by entity but not connected by instance. Logic that only feeds a dangling port will be removed. ;
+-------+--------+----------+----------------------------------------------------------------------------------------------------------+


+--------------------------------------------------------------------------------------------------------------------------------------------------------------------------------------------------------------------+
; Port Connectivity Checks: "segment7:digit5"                                                                                                                                                                        ;
+------------+-------+----------+------------------------------------------------------------------------------------------------------------------------------------------------------------------------------------+
; Port       ; Type  ; Severity ; Details                                                                                                                                                                            ;
+------------+-------+----------+------------------------------------------------------------------------------------------------------------------------------------------------------------------------------------+
; enable     ; Input ; Warning  ; Input port expression (32 bits) is wider than the input port (1 bits) it drives.  The 31 most-significant bit(s) in the expression will be dangling if they have no other fanouts. ;
; enable[-1] ; Input ; Info     ; Stuck at VCC                                                                                                                                                                       ;
+------------+-------+----------+------------------------------------------------------------------------------------------------------------------------------------------------------------------------------------+


+--------------------------------------------------------------------------------------------------------------------------------------------------------------------------------------------------------------------+
; Port Connectivity Checks: "segment7:digit4"                                                                                                                                                                        ;
+------------+-------+----------+------------------------------------------------------------------------------------------------------------------------------------------------------------------------------------+
; Port       ; Type  ; Severity ; Details                                                                                                                                                                            ;
+------------+-------+----------+------------------------------------------------------------------------------------------------------------------------------------------------------------------------------------+
; enable     ; Input ; Warning  ; Input port expression (32 bits) is wider than the input port (1 bits) it drives.  The 31 most-significant bit(s) in the expression will be dangling if they have no other fanouts. ;
; enable[-1] ; Input ; Info     ; Stuck at VCC                                                                                                                                                                       ;
+------------+-------+----------+------------------------------------------------------------------------------------------------------------------------------------------------------------------------------------+


+--------------------------------------------------------------------------------------------------------------------------------------------------------------------------------------------------------------------+
; Port Connectivity Checks: "segment7:digit3"                                                                                                                                                                        ;
+------------+-------+----------+------------------------------------------------------------------------------------------------------------------------------------------------------------------------------------+
; Port       ; Type  ; Severity ; Details                                                                                                                                                                            ;
+------------+-------+----------+------------------------------------------------------------------------------------------------------------------------------------------------------------------------------------+
; enable     ; Input ; Warning  ; Input port expression (32 bits) is wider than the input port (1 bits) it drives.  The 31 most-significant bit(s) in the expression will be dangling if they have no other fanouts. ;
; enable[-1] ; Input ; Info     ; Stuck at VCC                                                                                                                                                                       ;
+------------+-------+----------+------------------------------------------------------------------------------------------------------------------------------------------------------------------------------------+


+--------------------------------------------------------------------------------------------------------------------------------------------------------------------------------------------------------------------+
; Port Connectivity Checks: "segment7:digit2"                                                                                                                                                                        ;
+------------+-------+----------+------------------------------------------------------------------------------------------------------------------------------------------------------------------------------------+
; Port       ; Type  ; Severity ; Details                                                                                                                                                                            ;
+------------+-------+----------+------------------------------------------------------------------------------------------------------------------------------------------------------------------------------------+
; enable     ; Input ; Warning  ; Input port expression (32 bits) is wider than the input port (1 bits) it drives.  The 31 most-significant bit(s) in the expression will be dangling if they have no other fanouts. ;
; enable[-1] ; Input ; Info     ; Stuck at VCC                                                                                                                                                                       ;
+------------+-------+----------+------------------------------------------------------------------------------------------------------------------------------------------------------------------------------------+


+--------------------------------------------------------------------------------------------------------------------------------------------------------------------------------------------------------------------+
; Port Connectivity Checks: "segment7:digit1"                                                                                                                                                                        ;
+------------+-------+----------+------------------------------------------------------------------------------------------------------------------------------------------------------------------------------------+
; Port       ; Type  ; Severity ; Details                                                                                                                                                                            ;
+------------+-------+----------+------------------------------------------------------------------------------------------------------------------------------------------------------------------------------------+
; enable     ; Input ; Warning  ; Input port expression (32 bits) is wider than the input port (1 bits) it drives.  The 31 most-significant bit(s) in the expression will be dangling if they have no other fanouts. ;
; enable[-1] ; Input ; Info     ; Stuck at VCC                                                                                                                                                                       ;
+------------+-------+----------+------------------------------------------------------------------------------------------------------------------------------------------------------------------------------------+


+--------------------------------------------------------------------------------------------------------------------------------------------------------------------------------------------------------------------+
; Port Connectivity Checks: "segment7:digit0"                                                                                                                                                                        ;
+------------+-------+----------+------------------------------------------------------------------------------------------------------------------------------------------------------------------------------------+
; Port       ; Type  ; Severity ; Details                                                                                                                                                                            ;
+------------+-------+----------+------------------------------------------------------------------------------------------------------------------------------------------------------------------------------------+
; enable     ; Input ; Warning  ; Input port expression (32 bits) is wider than the input port (1 bits) it drives.  The 31 most-significant bit(s) in the expression will be dangling if they have no other fanouts. ;
; enable[-1] ; Input ; Info     ; Stuck at VCC                                                                                                                                                                       ;
+------------+-------+----------+------------------------------------------------------------------------------------------------------------------------------------------------------------------------------------+


+-----------------------------------------------------+
; Post-Synthesis Netlist Statistics for Top Partition ;
+-----------------------+-----------------------------+
; Type                  ; Count                       ;
+-----------------------+-----------------------------+
; arriav_ff             ; 58                          ;
;     ENA               ; 1                           ;
;     SCLR              ; 49                          ;
;     plain             ; 8                           ;
; arriav_lcell_comb     ; 114                         ;
;     arith             ; 19                          ;
;         1 data inputs ; 19                          ;
;     extend            ; 1                           ;
;         7 data inputs ; 1                           ;
;     normal            ; 94                          ;
;         0 data inputs ; 1                           ;
;         1 data inputs ; 11                          ;
;         2 data inputs ; 11                          ;
;         4 data inputs ; 50                          ;
;         5 data inputs ; 13                          ;
;         6 data inputs ; 8                           ;
; boundary_port         ; 67                          ;
;                       ;                             ;
; Max LUT depth         ; 2.80                        ;
; Average LUT depth     ; 1.57                        ;
+-----------------------+-----------------------------+


+-------------------------------+
; Elapsed Time Per Partition    ;
+----------------+--------------+
; Partition Name ; Elapsed Time ;
+----------------+--------------+
; Top            ; 00:00:00     ;
+----------------+--------------+


+-------------------------------+
; Analysis & Synthesis Messages ;
+-------------------------------+
Info: *******************************************************************
Info: Running Quartus Prime Analysis & Synthesis
    Info: Version 20.1.1 Build 720 11/11/2020 SJ Lite Edition
    Info: Processing started: Thu Nov 09 17:30:54 2023
Info: Command: quartus_map --read_settings_files=on --write_settings_files=off week_07b -c week_07b
Warning (18236): Number of processors has not been specified which may cause overloading on shared machines.  Set the global assignment NUM_PARALLEL_PROCESSORS in your QSF to an appropriate value for best performance.
Info (20030): Parallel compilation is enabled and will use 6 of the 6 processors detected
Info (12021): Found 1 design units, including 1 entities, in source file timer.v
    Info (12023): Found entity 1: timer File: C:/intelFPGA_lite/xbastyr/PV200/week_07b/timer.v Line: 6
Info (12021): Found 1 design units, including 1 entities, in source file week_07b.v
    Info (12023): Found entity 1: week_07b File: C:/intelFPGA_lite/xbastyr/PV200/week_07b/week_07b.v Line: 6
Info (12021): Found 1 design units, including 1 entities, in source file segment7.v
    Info (12023): Found entity 1: segment7 File: C:/intelFPGA_lite/xbastyr/PV200/week_07b/segment7.v Line: 2
Info (12021): Found 1 design units, including 1 entities, in source file moore_state_machine.v
    Info (12023): Found entity 1: moore_state_machine File: C:/intelFPGA_lite/xbastyr/PV200/week_07b/moore_state_machine.v Line: 8
Info (12021): Found 1 design units, including 1 entities, in source file find_rise.v
    Info (12023): Found entity 1: find_rise File: C:/intelFPGA_lite/xbastyr/PV200/week_07b/find_rise.v Line: 3
Info (12021): Found 1 design units, including 1 entities, in source file bcd_counter.v
    Info (12023): Found entity 1: bcd_counter File: C:/intelFPGA_lite/xbastyr/PV200/week_07b/bcd_counter.v Line: 3
Info (12127): Elaborating entity "week_07b" for the top level hierarchy
Info (12128): Elaborating entity "segment7" for hierarchy "segment7:digit0" File: C:/intelFPGA_lite/xbastyr/PV200/week_07b/week_07b.v Line: 48
Info (12128): Elaborating entity "find_rise" for hierarchy "find_rise:u1" File: C:/intelFPGA_lite/xbastyr/PV200/week_07b/week_07b.v Line: 66
Info (12128): Elaborating entity "timer" for hierarchy "timer:u5" File: C:/intelFPGA_lite/xbastyr/PV200/week_07b/week_07b.v Line: 96
Info (12128): Elaborating entity "bcd_counter" for hierarchy "bcd_counter:u6" File: C:/intelFPGA_lite/xbastyr/PV200/week_07b/week_07b.v Line: 116
Warning (10230): Verilog HDL assignment warning at bcd_counter.v(33): truncated value with size 32 to match size of target (4) File: C:/intelFPGA_lite/xbastyr/PV200/week_07b/bcd_counter.v Line: 33
Info (12128): Elaborating entity "moore_state_machine" for hierarchy "moore_state_machine:u12" File: C:/intelFPGA_lite/xbastyr/PV200/week_07b/week_07b.v Line: 185
Warning (12241): 7 hierarchies have connectivity warnings - see the Connectivity Checks report folder
Warning (13024): Output pins are stuck at VCC or GND
    Warning (13410): Pin "LEDR[2]" is stuck at GND File: C:/intelFPGA_lite/xbastyr/PV200/week_07b/week_07b.v Line: 23
    Warning (13410): Pin "LEDR[3]" is stuck at GND File: C:/intelFPGA_lite/xbastyr/PV200/week_07b/week_07b.v Line: 23
    Warning (13410): Pin "LEDR[4]" is stuck at GND File: C:/intelFPGA_lite/xbastyr/PV200/week_07b/week_07b.v Line: 23
    Warning (13410): Pin "LEDR[5]" is stuck at GND File: C:/intelFPGA_lite/xbastyr/PV200/week_07b/week_07b.v Line: 23
    Warning (13410): Pin "LEDR[6]" is stuck at GND File: C:/intelFPGA_lite/xbastyr/PV200/week_07b/week_07b.v Line: 23
    Warning (13410): Pin "LEDR[7]" is stuck at GND File: C:/intelFPGA_lite/xbastyr/PV200/week_07b/week_07b.v Line: 23
    Warning (13410): Pin "LEDR[8]" is stuck at GND File: C:/intelFPGA_lite/xbastyr/PV200/week_07b/week_07b.v Line: 23
    Warning (13410): Pin "LEDR[9]" is stuck at GND File: C:/intelFPGA_lite/xbastyr/PV200/week_07b/week_07b.v Line: 23
Info (286030): Timing-Driven Synthesis is running
Info (144001): Generated suppressed messages file C:/intelFPGA_lite/xbastyr/PV200/week_07b/week_07b.map.smsg
Info (16010): Generating hard_block partition "hard_block:auto_generated_inst"
    Info (16011): Adding 0 node(s), including 0 DDIO, 0 PLL, 0 transceiver and 0 LCELL
Warning (21074): Design contains 10 input pin(s) that do not drive logic
    Warning (15610): No output dependent on input pin "SW[0]" File: C:/intelFPGA_lite/xbastyr/PV200/week_07b/week_07b.v Line: 27
    Warning (15610): No output dependent on input pin "SW[1]" File: C:/intelFPGA_lite/xbastyr/PV200/week_07b/week_07b.v Line: 27
    Warning (15610): No output dependent on input pin "SW[2]" File: C:/intelFPGA_lite/xbastyr/PV200/week_07b/week_07b.v Line: 27
    Warning (15610): No output dependent on input pin "SW[3]" File: C:/intelFPGA_lite/xbastyr/PV200/week_07b/week_07b.v Line: 27
    Warning (15610): No output dependent on input pin "SW[4]" File: C:/intelFPGA_lite/xbastyr/PV200/week_07b/week_07b.v Line: 27
    Warning (15610): No output dependent on input pin "SW[5]" File: C:/intelFPGA_lite/xbastyr/PV200/week_07b/week_07b.v Line: 27
    Warning (15610): No output dependent on input pin "SW[6]" File: C:/intelFPGA_lite/xbastyr/PV200/week_07b/week_07b.v Line: 27
    Warning (15610): No output dependent on input pin "SW[7]" File: C:/intelFPGA_lite/xbastyr/PV200/week_07b/week_07b.v Line: 27
    Warning (15610): No output dependent on input pin "SW[8]" File: C:/intelFPGA_lite/xbastyr/PV200/week_07b/week_07b.v Line: 27
    Warning (15610): No output dependent on input pin "SW[9]" File: C:/intelFPGA_lite/xbastyr/PV200/week_07b/week_07b.v Line: 27
Info (21057): Implemented 173 device resources after synthesis - the final resource count might be different
    Info (21058): Implemented 15 input pins
    Info (21059): Implemented 52 output pins
    Info (21061): Implemented 106 logic cells
Info: Quartus Prime Analysis & Synthesis was successful. 0 errors, 23 warnings
    Info: Peak virtual memory: 4836 megabytes
    Info: Processing ended: Thu Nov 09 17:31:02 2023
    Info: Elapsed time: 00:00:08
    Info: Total CPU time (on all processors): 00:00:16


+------------------------------------------+
; Analysis & Synthesis Suppressed Messages ;
+------------------------------------------+
The suppressed messages can be found in C:/intelFPGA_lite/xbastyr/PV200/week_07b/week_07b.map.smsg.


