Analysis & Synthesis report for hw_01
Tue Oct 17 21:41:51 2023
Quartus Prime Version 20.1.1 Build 720 11/11/2020 SJ Lite Edition


---------------------
; Table of Contents ;
---------------------
  1. Legal Notice
  2. Analysis & Synthesis Summary
  3. Analysis & Synthesis Settings
  4. Parallel Compilation
  5. Analysis & Synthesis Source Files Read
  6. Analysis & Synthesis Resource Usage Summary
  7. Analysis & Synthesis Resource Utilization by Entity
  8. General Register Statistics
  9. Parameter Settings for User Entity Instance: LPM_CONSTANT:inst28
 10. Post-Synthesis Netlist Statistics for Top Partition
 11. Elapsed Time Per Partition
 12. Analysis & Synthesis Messages



----------------
; Legal Notice ;
----------------
Copyright (C) 2020  Intel Corporation. All rights reserved.
Your use of Intel Corporation's design tools, logic functions 
and other software and tools, and any partner logic 
functions, and any output files from any of the foregoing 
(including device programming or simulation files), and any 
associated documentation or information are expressly subject 
to the terms and conditions of the Intel Program License 
Subscription Agreement, the Intel Quartus Prime License Agreement,
the Intel FPGA IP License Agreement, or other applicable license
agreement, including, without limitation, that your use is for
the sole purpose of programming logic devices manufactured by
Intel and sold by Intel or its authorized distributors.  Please
refer to the applicable agreement for further details, at
https://fpgasoftware.intel.com/eula.



+-------------------------------------------------------------------------------+
; Analysis & Synthesis Summary                                                  ;
+---------------------------------+---------------------------------------------+
; Analysis & Synthesis Status     ; Successful - Tue Oct 17 21:41:51 2023       ;
; Quartus Prime Version           ; 20.1.1 Build 720 11/11/2020 SJ Lite Edition ;
; Revision Name                   ; hw_01                                       ;
; Top-level Entity Name           ; hw_01                                       ;
; Family                          ; Cyclone V                                   ;
; Logic utilization (in ALMs)     ; N/A                                         ;
; Total registers                 ; 0                                           ;
; Total pins                      ; 16                                          ;
; Total virtual pins              ; 0                                           ;
; Total block memory bits         ; 0                                           ;
; Total DSP Blocks                ; 0                                           ;
; Total HSSI RX PCSs              ; 0                                           ;
; Total HSSI PMA RX Deserializers ; 0                                           ;
; Total HSSI TX PCSs              ; 0                                           ;
; Total HSSI PMA TX Serializers   ; 0                                           ;
; Total PLLs                      ; 0                                           ;
; Total DLLs                      ; 0                                           ;
+---------------------------------+---------------------------------------------+


+---------------------------------------------------------------------------------------------------------------------------+
; Analysis & Synthesis Settings                                                                                             ;
+---------------------------------------------------------------------------------+--------------------+--------------------+
; Option                                                                          ; Setting            ; Default Value      ;
+---------------------------------------------------------------------------------+--------------------+--------------------+
; Device                                                                          ; 5CSEMA5F31C6       ;                    ;
; Top-level entity name                                                           ; hw_01              ; hw_01              ;
; Family name                                                                     ; Cyclone V          ; Cyclone V          ;
; Use smart compilation                                                           ; Off                ; Off                ;
; Enable parallel Assembler and Timing Analyzer during compilation                ; On                 ; On                 ;
; Enable compact report table                                                     ; Off                ; Off                ;
; Restructure Multiplexers                                                        ; Auto               ; Auto               ;
; MLAB Add Timing Constraints For Mixed-Port Feed-Through Mode Setting Don't Care ; Off                ; Off                ;
; Create Debugging Nodes for IP Cores                                             ; Off                ; Off                ;
; Preserve fewer node names                                                       ; On                 ; On                 ;
; Intel FPGA IP Evaluation Mode                                                   ; Enable             ; Enable             ;
; Verilog Version                                                                 ; Verilog_2001       ; Verilog_2001       ;
; VHDL Version                                                                    ; VHDL_1993          ; VHDL_1993          ;
; State Machine Processing                                                        ; Auto               ; Auto               ;
; Safe State Machine                                                              ; Off                ; Off                ;
; Extract Verilog State Machines                                                  ; On                 ; On                 ;
; Extract VHDL State Machines                                                     ; On                 ; On                 ;
; Ignore Verilog initial constructs                                               ; Off                ; Off                ;
; Iteration limit for constant Verilog loops                                      ; 5000               ; 5000               ;
; Iteration limit for non-constant Verilog loops                                  ; 250                ; 250                ;
; Add Pass-Through Logic to Inferred RAMs                                         ; On                 ; On                 ;
; Infer RAMs from Raw Logic                                                       ; On                 ; On                 ;
; Parallel Synthesis                                                              ; On                 ; On                 ;
; DSP Block Balancing                                                             ; Auto               ; Auto               ;
; NOT Gate Push-Back                                                              ; On                 ; On                 ;
; Power-Up Don't Care                                                             ; On                 ; On                 ;
; Remove Redundant Logic Cells                                                    ; Off                ; Off                ;
; Remove Duplicate Registers                                                      ; On                 ; On                 ;
; Ignore CARRY Buffers                                                            ; Off                ; Off                ;
; Ignore CASCADE Buffers                                                          ; Off                ; Off                ;
; Ignore GLOBAL Buffers                                                           ; Off                ; Off                ;
; Ignore ROW GLOBAL Buffers                                                       ; Off                ; Off                ;
; Ignore LCELL Buffers                                                            ; Off                ; Off                ;
; Ignore SOFT Buffers                                                             ; On                 ; On                 ;
; Limit AHDL Integers to 32 Bits                                                  ; Off                ; Off                ;
; Optimization Technique                                                          ; Balanced           ; Balanced           ;
; Carry Chain Length                                                              ; 70                 ; 70                 ;
; Auto Carry Chains                                                               ; On                 ; On                 ;
; Auto Open-Drain Pins                                                            ; On                 ; On                 ;
; Perform WYSIWYG Primitive Resynthesis                                           ; Off                ; Off                ;
; Auto ROM Replacement                                                            ; On                 ; On                 ;
; Auto RAM Replacement                                                            ; On                 ; On                 ;
; Auto DSP Block Replacement                                                      ; On                 ; On                 ;
; Auto Shift Register Replacement                                                 ; Auto               ; Auto               ;
; Allow Shift Register Merging across Hierarchies                                 ; Auto               ; Auto               ;
; Auto Clock Enable Replacement                                                   ; On                 ; On                 ;
; Strict RAM Replacement                                                          ; Off                ; Off                ;
; Allow Synchronous Control Signals                                               ; On                 ; On                 ;
; Force Use of Synchronous Clear Signals                                          ; Off                ; Off                ;
; Auto Resource Sharing                                                           ; Off                ; Off                ;
; Allow Any RAM Size For Recognition                                              ; Off                ; Off                ;
; Allow Any ROM Size For Recognition                                              ; Off                ; Off                ;
; Allow Any Shift Register Size For Recognition                                   ; Off                ; Off                ;
; Use LogicLock Constraints during Resource Balancing                             ; On                 ; On                 ;
; Ignore translate_off and synthesis_off directives                               ; Off                ; Off                ;
; Timing-Driven Synthesis                                                         ; On                 ; On                 ;
; Report Parameter Settings                                                       ; On                 ; On                 ;
; Report Source Assignments                                                       ; On                 ; On                 ;
; Report Connectivity Checks                                                      ; On                 ; On                 ;
; Ignore Maximum Fan-Out Assignments                                              ; Off                ; Off                ;
; Synchronization Register Chain Length                                           ; 3                  ; 3                  ;
; Power Optimization During Synthesis                                             ; Normal compilation ; Normal compilation ;
; HDL message level                                                               ; Level2             ; Level2             ;
; Suppress Register Optimization Related Messages                                 ; Off                ; Off                ;
; Number of Removed Registers Reported in Synthesis Report                        ; 5000               ; 5000               ;
; Number of Swept Nodes Reported in Synthesis Report                              ; 5000               ; 5000               ;
; Number of Inverted Registers Reported in Synthesis Report                       ; 100                ; 100                ;
; Clock MUX Protection                                                            ; On                 ; On                 ;
; Auto Gated Clock Conversion                                                     ; Off                ; Off                ;
; Block Design Naming                                                             ; Auto               ; Auto               ;
; SDC constraint protection                                                       ; Off                ; Off                ;
; Synthesis Effort                                                                ; Auto               ; Auto               ;
; Shift Register Replacement - Allow Asynchronous Clear Signal                    ; On                 ; On                 ;
; Pre-Mapping Resynthesis Optimization                                            ; Off                ; Off                ;
; Analysis & Synthesis Message Level                                              ; Medium             ; Medium             ;
; Disable Register Merging Across Hierarchies                                     ; Auto               ; Auto               ;
; Resource Aware Inference For Block RAM                                          ; On                 ; On                 ;
; Automatic Parallel Synthesis                                                    ; On                 ; On                 ;
; Partial Reconfiguration Bitstream ID                                            ; Off                ; Off                ;
+---------------------------------------------------------------------------------+--------------------+--------------------+


+------------------------------------------+
; Parallel Compilation                     ;
+----------------------------+-------------+
; Processors                 ; Number      ;
+----------------------------+-------------+
; Number detected on machine ; 8           ;
; Maximum allowed            ; 4           ;
;                            ;             ;
; Average used               ; 1.00        ;
; Maximum used               ; 1           ;
;                            ;             ;
; Usage by Processor         ; % Time Used ;
;     Processor 1            ; 100.0%      ;
+----------------------------+-------------+


+-----------------------------------------------------------------------------------------------------------------------------------------------------------------------------------+
; Analysis & Synthesis Source Files Read                                                                                                                                            ;
+----------------------------------+-----------------+------------------------------------------+-------------------------------------------------------------------------+---------+
; File Name with User-Entered Path ; Used in Netlist ; File Type                                ; File Name with Absolute Path                                            ; Library ;
+----------------------------------+-----------------+------------------------------------------+-------------------------------------------------------------------------+---------+
; 4bit_rc_adder.bdf                ; yes             ; User Block Diagram/Schematic File        ; C:/Users/lbast/Documents/0_Projects/PV200/hw_01/4bit_rc_adder.bdf       ;         ;
; half_adder_v.v                   ; yes             ; User Verilog HDL File                    ; C:/Users/lbast/Documents/0_Projects/PV200/hw_01/half_adder_v.v          ;         ;
; full_adder_v.v                   ; yes             ; User Verilog HDL File                    ; C:/Users/lbast/Documents/0_Projects/PV200/hw_01/full_adder_v.v          ;         ;
; hw_01.bdf                        ; yes             ; Auto-Found Block Diagram/Schematic File  ; C:/Users/lbast/Documents/0_Projects/PV200/hw_01/hw_01.bdf               ;         ;
; lpm_constant.tdf                 ; yes             ; Megafunction                             ; c:/intelfpga_lite/20.1/quartus/libraries/megafunctions/lpm_constant.tdf ;         ;
+----------------------------------+-----------------+------------------------------------------+-------------------------------------------------------------------------+---------+


+----------------------------------------------------------+
; Analysis & Synthesis Resource Usage Summary              ;
+---------------------------------------------+------------+
; Resource                                    ; Usage      ;
+---------------------------------------------+------------+
; Estimate of Logic utilization (ALMs needed) ; 17         ;
;                                             ;            ;
; Combinational ALUT usage for logic          ; 22         ;
;     -- 7 input functions                    ; 0          ;
;     -- 6 input functions                    ; 11         ;
;     -- 5 input functions                    ; 1          ;
;     -- 4 input functions                    ; 2          ;
;     -- <=3 input functions                  ; 8          ;
;                                             ;            ;
; Dedicated logic registers                   ; 0          ;
;                                             ;            ;
; I/O pins                                    ; 16         ;
;                                             ;            ;
; Total DSP Blocks                            ; 0          ;
;                                             ;            ;
; Maximum fan-out node                        ; A[1]~input ;
; Maximum fan-out                             ; 11         ;
; Total fan-out                               ; 123        ;
; Average fan-out                             ; 2.28       ;
+---------------------------------------------+------------+


+---------------------------------------------------------------------------------------------------------------------------------------------------------------------------------------------------------------------------------------------+
; Analysis & Synthesis Resource Utilization by Entity                                                                                                                                                                                         ;
+--------------------------------+---------------------+---------------------------+-------------------+------------+------+--------------+--------------------------------------------------------------------+---------------+--------------+
; Compilation Hierarchy Node     ; Combinational ALUTs ; Dedicated Logic Registers ; Block Memory Bits ; DSP Blocks ; Pins ; Virtual Pins ; Full Hierarchy Name                                                ; Entity Name   ; Library Name ;
+--------------------------------+---------------------+---------------------------+-------------------+------------+------+--------------+--------------------------------------------------------------------+---------------+--------------+
; |hw_01                         ; 22 (3)              ; 0 (0)                     ; 0                 ; 0          ; 16   ; 0            ; |hw_01                                                             ; hw_01         ; work         ;
;    |4bit_rc_adder:inst24|      ; 8 (0)               ; 0 (0)                     ; 0                 ; 0          ; 0    ; 0            ; |hw_01|4bit_rc_adder:inst24                                        ; 4bit_rc_adder ; work         ;
;       |full_adder_v:inst3|     ; 2 (1)               ; 0 (0)                     ; 0                 ; 0          ; 0    ; 0            ; |hw_01|4bit_rc_adder:inst24|full_adder_v:inst3                     ; full_adder_v  ; work         ;
;          |half_adder_v:adder2| ; 1 (1)               ; 0 (0)                     ; 0                 ; 0          ; 0    ; 0            ; |hw_01|4bit_rc_adder:inst24|full_adder_v:inst3|half_adder_v:adder2 ; half_adder_v  ; work         ;
;       |full_adder_v:inst4|     ; 4 (1)               ; 0 (0)                     ; 0                 ; 0          ; 0    ; 0            ; |hw_01|4bit_rc_adder:inst24|full_adder_v:inst4                     ; full_adder_v  ; work         ;
;          |half_adder_v:adder1| ; 2 (2)               ; 0 (0)                     ; 0                 ; 0          ; 0    ; 0            ; |hw_01|4bit_rc_adder:inst24|full_adder_v:inst4|half_adder_v:adder1 ; half_adder_v  ; work         ;
;          |half_adder_v:adder2| ; 1 (1)               ; 0 (0)                     ; 0                 ; 0          ; 0    ; 0            ; |hw_01|4bit_rc_adder:inst24|full_adder_v:inst4|half_adder_v:adder2 ; half_adder_v  ; work         ;
;       |half_adder_v:inst|      ; 2 (2)               ; 0 (0)                     ; 0                 ; 0          ; 0    ; 0            ; |hw_01|4bit_rc_adder:inst24|half_adder_v:inst                      ; half_adder_v  ; work         ;
;    |4bit_rc_adder:inst25|      ; 7 (0)               ; 0 (0)                     ; 0                 ; 0          ; 0    ; 0            ; |hw_01|4bit_rc_adder:inst25                                        ; 4bit_rc_adder ; work         ;
;       |full_adder_v:inst2|     ; 2 (1)               ; 0 (0)                     ; 0                 ; 0          ; 0    ; 0            ; |hw_01|4bit_rc_adder:inst25|full_adder_v:inst2                     ; full_adder_v  ; work         ;
;          |half_adder_v:adder2| ; 1 (1)               ; 0 (0)                     ; 0                 ; 0          ; 0    ; 0            ; |hw_01|4bit_rc_adder:inst25|full_adder_v:inst2|half_adder_v:adder2 ; half_adder_v  ; work         ;
;       |full_adder_v:inst3|     ; 1 (0)               ; 0 (0)                     ; 0                 ; 0          ; 0    ; 0            ; |hw_01|4bit_rc_adder:inst25|full_adder_v:inst3                     ; full_adder_v  ; work         ;
;          |half_adder_v:adder2| ; 1 (1)               ; 0 (0)                     ; 0                 ; 0          ; 0    ; 0            ; |hw_01|4bit_rc_adder:inst25|full_adder_v:inst3|half_adder_v:adder2 ; half_adder_v  ; work         ;
;       |full_adder_v:inst4|     ; 2 (1)               ; 0 (0)                     ; 0                 ; 0          ; 0    ; 0            ; |hw_01|4bit_rc_adder:inst25|full_adder_v:inst4                     ; full_adder_v  ; work         ;
;          |half_adder_v:adder2| ; 1 (1)               ; 0 (0)                     ; 0                 ; 0          ; 0    ; 0            ; |hw_01|4bit_rc_adder:inst25|full_adder_v:inst4|half_adder_v:adder2 ; half_adder_v  ; work         ;
;       |half_adder_v:inst|      ; 2 (2)               ; 0 (0)                     ; 0                 ; 0          ; 0    ; 0            ; |hw_01|4bit_rc_adder:inst25|half_adder_v:inst                      ; half_adder_v  ; work         ;
;    |4bit_rc_adder:inst|        ; 4 (0)               ; 0 (0)                     ; 0                 ; 0          ; 0    ; 0            ; |hw_01|4bit_rc_adder:inst                                          ; 4bit_rc_adder ; work         ;
;       |full_adder_v:inst2|     ; 1 (0)               ; 0 (0)                     ; 0                 ; 0          ; 0    ; 0            ; |hw_01|4bit_rc_adder:inst|full_adder_v:inst2                       ; full_adder_v  ; work         ;
;          |half_adder_v:adder2| ; 1 (1)               ; 0 (0)                     ; 0                 ; 0          ; 0    ; 0            ; |hw_01|4bit_rc_adder:inst|full_adder_v:inst2|half_adder_v:adder2   ; half_adder_v  ; work         ;
;       |full_adder_v:inst3|     ; 1 (0)               ; 0 (0)                     ; 0                 ; 0          ; 0    ; 0            ; |hw_01|4bit_rc_adder:inst|full_adder_v:inst3                       ; full_adder_v  ; work         ;
;          |half_adder_v:adder2| ; 1 (1)               ; 0 (0)                     ; 0                 ; 0          ; 0    ; 0            ; |hw_01|4bit_rc_adder:inst|full_adder_v:inst3|half_adder_v:adder2   ; half_adder_v  ; work         ;
;       |full_adder_v:inst4|     ; 1 (0)               ; 0 (0)                     ; 0                 ; 0          ; 0    ; 0            ; |hw_01|4bit_rc_adder:inst|full_adder_v:inst4                       ; full_adder_v  ; work         ;
;          |half_adder_v:adder2| ; 1 (1)               ; 0 (0)                     ; 0                 ; 0          ; 0    ; 0            ; |hw_01|4bit_rc_adder:inst|full_adder_v:inst4|half_adder_v:adder2   ; half_adder_v  ; work         ;
;       |half_adder_v:inst|      ; 1 (1)               ; 0 (0)                     ; 0                 ; 0          ; 0    ; 0            ; |hw_01|4bit_rc_adder:inst|half_adder_v:inst                        ; half_adder_v  ; work         ;
+--------------------------------+---------------------+---------------------------+-------------------+------------+------+--------------+--------------------------------------------------------------------+---------------+--------------+
Note: For table entries with two numbers listed, the numbers in parentheses indicate the number of resources of the given type used by the specific entity alone. The numbers listed outside of parentheses indicate the total resources of the given type used by the specific entity and all of its sub-entities in the hierarchy.


+------------------------------------------------------+
; General Register Statistics                          ;
+----------------------------------------------+-------+
; Statistic                                    ; Value ;
+----------------------------------------------+-------+
; Total registers                              ; 0     ;
; Number of registers using Synchronous Clear  ; 0     ;
; Number of registers using Synchronous Load   ; 0     ;
; Number of registers using Asynchronous Clear ; 0     ;
; Number of registers using Asynchronous Load  ; 0     ;
; Number of registers using Clock Enable       ; 0     ;
; Number of registers using Preset             ; 0     ;
+----------------------------------------------+-------+


+------------------------------------------------------------------+
; Parameter Settings for User Entity Instance: LPM_CONSTANT:inst28 ;
+--------------------+------------------+--------------------------+
; Parameter Name     ; Value            ; Type                     ;
+--------------------+------------------+--------------------------+
; LPM_WIDTH          ; 1                ; Untyped                  ;
; LPM_CVALUE         ; 0                ; Untyped                  ;
; ENABLE_RUNTIME_MOD ; NO               ; Untyped                  ;
; CBXI_PARAMETER     ; lpm_constant_s64 ; Untyped                  ;
+--------------------+------------------+--------------------------+
Note: In order to hide this table in the UI and the text report file, please set the "Show Parameter Settings in Synthesis Report" option in "Analysis and Synthesis Settings -> More Settings" to "Off".


+-----------------------------------------------------+
; Post-Synthesis Netlist Statistics for Top Partition ;
+-----------------------+-----------------------------+
; Type                  ; Count                       ;
+-----------------------+-----------------------------+
; arriav_lcell_comb     ; 22                          ;
;     normal            ; 22                          ;
;         2 data inputs ; 4                           ;
;         3 data inputs ; 4                           ;
;         4 data inputs ; 2                           ;
;         5 data inputs ; 1                           ;
;         6 data inputs ; 11                          ;
; boundary_port         ; 16                          ;
;                       ;                             ;
; Max LUT depth         ; 4.00                        ;
; Average LUT depth     ; 3.47                        ;
+-----------------------+-----------------------------+


+-------------------------------+
; Elapsed Time Per Partition    ;
+----------------+--------------+
; Partition Name ; Elapsed Time ;
+----------------+--------------+
; Top            ; 00:00:00     ;
+----------------+--------------+


+-------------------------------+
; Analysis & Synthesis Messages ;
+-------------------------------+
Info: *******************************************************************
Info: Running Quartus Prime Analysis & Synthesis
    Info: Version 20.1.1 Build 720 11/11/2020 SJ Lite Edition
    Info: Processing started: Tue Oct 17 21:41:39 2023
Info: Command: quartus_map --read_settings_files=on --write_settings_files=off hw_01 -c hw_01
Warning (18236): Number of processors has not been specified which may cause overloading on shared machines.  Set the global assignment NUM_PARALLEL_PROCESSORS in your QSF to an appropriate value for best performance.
Info (20030): Parallel compilation is enabled and will use 4 of the 4 processors detected
Info (12021): Found 1 design units, including 1 entities, in source file 4bit_rc_adder.bdf
    Info (12023): Found entity 1: 4bit_rc_adder
Info (12021): Found 1 design units, including 1 entities, in source file half_adder_v.v
    Info (12023): Found entity 1: half_adder_v File: C:/Users/lbast/Documents/0_Projects/PV200/hw_01/half_adder_v.v Line: 1
Info (12021): Found 1 design units, including 1 entities, in source file full_adder_v.v
    Info (12023): Found entity 1: full_adder_v File: C:/Users/lbast/Documents/0_Projects/PV200/hw_01/full_adder_v.v Line: 1
Info (12021): Found 1 design units, including 1 entities, in source file 2bit_multiplier.bdf
    Info (12023): Found entity 1: 2bit_multiplier
Warning (12125): Using design file hw_01.bdf, which is not specified as a design file for the current project, but contains definitions for 1 design units and 1 entities in project
    Info (12023): Found entity 1: hw_01
Info (12127): Elaborating entity "hw_01" for the top level hierarchy
Info (12128): Elaborating entity "4bit_rc_adder" for hierarchy "4bit_rc_adder:inst"
Info (12128): Elaborating entity "half_adder_v" for hierarchy "4bit_rc_adder:inst|half_adder_v:inst"
Info (12128): Elaborating entity "full_adder_v" for hierarchy "4bit_rc_adder:inst|full_adder_v:inst2"
Info (12128): Elaborating entity "LPM_CONSTANT" for hierarchy "LPM_CONSTANT:inst28"
Info (12130): Elaborated megafunction instantiation "LPM_CONSTANT:inst28"
Info (12133): Instantiated megafunction "LPM_CONSTANT:inst28" with the following parameter:
    Info (12134): Parameter "LPM_CVALUE" = "0"
    Info (12134): Parameter "LPM_WIDTH" = "1"
Info (286030): Timing-Driven Synthesis is running
Warning (20013): Ignored 24 assignments for entity "week_02" -- entity does not exist in design
    Warning (20014): Assignment for entity set_instance_assignment -name PARTITION_HIERARCHY root_partition -to | -entity week_02 -section_id Top was ignored
    Warning (20014): Assignment for entity set_global_assignment -name PARTITION_NETLIST_TYPE SOURCE -entity week_02 -section_id Top was ignored
    Warning (20014): Assignment for entity set_global_assignment -name PARTITION_FITTER_PRESERVATION_LEVEL PLACEMENT_AND_ROUTING -entity week_02 -section_id Top was ignored
    Warning (20014): Assignment for entity set_global_assignment -name PARTITION_PRESERVE_HIGH_SPEED_TILES ON -entity week_02 -section_id Top was ignored
    Warning (20014): Assignment for entity set_global_assignment -name PARTITION_IGNORE_SOURCE_FILE_CHANGES OFF -entity week_02 -section_id Top was ignored
    Warning (20014): Assignment for entity set_global_assignment -name PARTITION_ALWAYS_USE_QXP_NETLIST OFF -entity week_02 -section_id Top was ignored
    Warning (20014): Assignment for entity set_global_assignment -name PARTITION_COLOR 16764057 -entity week_02 -section_id Top was ignored
    Warning (20014): Assignment for entity set_global_assignment -name PARTITION_IMPORT_ASSIGNMENTS ON -entity week_02 -section_id Top was ignored
    Warning (20014): Assignment for entity set_global_assignment -name PARTITION_IMPORT_EXISTING_ASSIGNMENTS REPLACE_CONFLICTING -entity week_02 -section_id Top was ignored
    Warning (20014): Assignment for entity set_global_assignment -name PARTITION_IMPORT_EXISTING_LOGICLOCK_REGIONS UPDATE_CONFLICTING -entity week_02 -section_id Top was ignored
    Warning (20014): Assignment for entity set_global_assignment -name PARTITION_IMPORT_PIN_ASSIGNMENTS ON -entity week_02 -section_id Top was ignored
    Warning (20014): Assignment for entity set_global_assignment -name PARTITION_IMPORT_PROMOTE_ASSIGNMENTS ON -entity week_02 -section_id Top was ignored
    Warning (20014): Assignment for entity set_global_assignment -name PARTITION_TYPE STANDARD_PARTITION -entity week_02 -section_id Top was ignored
    Warning (20014): Assignment for entity set_global_assignment -name ALLOW_MULTIPLE_PERSONAS OFF -entity week_02 -section_id Top was ignored
    Warning (20014): Assignment for entity set_global_assignment -name PARTITION_ASD_REGION_ID 1 -entity week_02 -section_id Top was ignored
    Warning (20014): Assignment for entity set_global_assignment -name CROSS_BOUNDARY_OPTIMIZATIONS OFF -entity week_02 -section_id Top was ignored
    Warning (20014): Assignment for entity set_global_assignment -name PROPAGATE_CONSTANTS_ON_INPUTS ON -entity week_02 -section_id Top was ignored
    Warning (20014): Assignment for entity set_global_assignment -name PROPAGATE_INVERSIONS_ON_INPUTS ON -entity week_02 -section_id Top was ignored
    Warning (20014): Assignment for entity set_global_assignment -name REMOVE_LOGIC_ON_UNCONNECTED_OUTPUTS ON -entity week_02 -section_id Top was ignored
    Warning (20014): Assignment for entity set_global_assignment -name MERGE_EQUIVALENT_INPUTS ON -entity week_02 -section_id Top was ignored
    Warning (20014): Assignment for entity set_global_assignment -name MERGE_EQUIVALENT_BIDIRS ON -entity week_02 -section_id Top was ignored
    Warning (20014): Assignment for entity set_global_assignment -name ABSORB_PATHS_FROM_OUTPUTS_TO_INPUTS ON -entity week_02 -section_id Top was ignored
    Warning (20014): Assignment for entity set_global_assignment -name PARTITION_EXTRACT_HARD_BLOCK_NODES ON -entity week_02 -section_id Top was ignored
    Warning (20014): Assignment for entity set_global_assignment -name PARTITION_ENABLE_STRICT_PRESERVATION OFF -entity week_02 -section_id Top was ignored
Info (16010): Generating hard_block partition "hard_block:auto_generated_inst"
    Info (16011): Adding 0 node(s), including 0 DDIO, 0 PLL, 0 transceiver and 0 LCELL
Info (21057): Implemented 38 device resources after synthesis - the final resource count might be different
    Info (21058): Implemented 8 input pins
    Info (21059): Implemented 8 output pins
    Info (21061): Implemented 22 logic cells
Info: Quartus Prime Analysis & Synthesis was successful. 0 errors, 27 warnings
    Info: Peak virtual memory: 4815 megabytes
    Info: Processing ended: Tue Oct 17 21:41:51 2023
    Info: Elapsed time: 00:00:12
    Info: Total CPU time (on all processors): 00:00:12


