Analysis & Synthesis report for gate_finder
Thu Dec  7 18:29:46 2023
Quartus Prime Version 22.1std.2 Build 922 07/20/2023 SC Lite Edition


---------------------
; Table of Contents ;
---------------------
  1. Legal Notice
  2. Analysis & Synthesis Summary
  3. Analysis & Synthesis Settings
  4. Parallel Compilation
  5. Analysis & Synthesis Source Files Read
  6. Analysis & Synthesis Resource Usage Summary
  7. Analysis & Synthesis Resource Utilization by Entity
  8. State Machine - |gate_finder|state
  9. Registers Removed During Synthesis
 10. General Register Statistics
 11. Inverted Register Statistics
 12. Multiplexer Restructuring Statistics (Restructuring Performed)
 13. Parameter Settings for User Entity Instance: Top-level Entity: |gate_finder
 14. Parameter Settings for Inferred Entity Instance: lpm_divide:Div0
 15. Port Connectivity Checks: "clock_divider:s_clk"
 16. Post-Synthesis Netlist Statistics for Top Partition
 17. Elapsed Time Per Partition
 18. Analysis & Synthesis Messages



----------------
; Legal Notice ;
----------------
Copyright (C) 2023  Intel Corporation. All rights reserved.
Your use of Intel Corporation's design tools, logic functions 
and other software and tools, and any partner logic 
functions, and any output files from any of the foregoing 
(including device programming or simulation files), and any 
associated documentation or information are expressly subject 
to the terms and conditions of the Intel Program License 
Subscription Agreement, the Intel Quartus Prime License Agreement,
the Intel FPGA IP License Agreement, or other applicable license
agreement, including, without limitation, that your use is for
the sole purpose of programming logic devices manufactured by
Intel and sold by Intel or its authorized distributors.  Please
refer to the applicable agreement for further details, at
https://fpgasoftware.intel.com/eula.



+----------------------------------------------------------------------------------+
; Analysis & Synthesis Summary                                                     ;
+---------------------------------+------------------------------------------------+
; Analysis & Synthesis Status     ; Successful - Thu Dec  7 18:29:46 2023          ;
; Quartus Prime Version           ; 22.1std.2 Build 922 07/20/2023 SC Lite Edition ;
; Revision Name                   ; gate_finder                                    ;
; Top-level Entity Name           ; gate_finder                                    ;
; Family                          ; Cyclone V                                      ;
; Logic utilization (in ALMs)     ; N/A                                            ;
; Total registers                 ; 133                                            ;
; Total pins                      ; 51                                             ;
; Total virtual pins              ; 0                                              ;
; Total block memory bits         ; 0                                              ;
; Total DSP Blocks                ; 0                                              ;
; Total HSSI RX PCSs              ; 0                                              ;
; Total HSSI PMA RX Deserializers ; 0                                              ;
; Total HSSI TX PCSs              ; 0                                              ;
; Total HSSI PMA TX Serializers   ; 0                                              ;
; Total PLLs                      ; 0                                              ;
; Total DLLs                      ; 0                                              ;
+---------------------------------+------------------------------------------------+


+---------------------------------------------------------------------------------------------------------------------------+
; Analysis & Synthesis Settings                                                                                             ;
+---------------------------------------------------------------------------------+--------------------+--------------------+
; Option                                                                          ; Setting            ; Default Value      ;
+---------------------------------------------------------------------------------+--------------------+--------------------+
; Device                                                                          ; 5CSEMA5F31C6       ;                    ;
; Top-level entity name                                                           ; gate_finder        ; gate_finder        ;
; Family name                                                                     ; Cyclone V          ; Cyclone V          ;
; Use smart compilation                                                           ; Off                ; Off                ;
; Enable parallel Assembler and Timing Analyzer during compilation                ; On                 ; On                 ;
; Enable compact report table                                                     ; Off                ; Off                ;
; Restructure Multiplexers                                                        ; Auto               ; Auto               ;
; MLAB Add Timing Constraints For Mixed-Port Feed-Through Mode Setting Don't Care ; Off                ; Off                ;
; Create Debugging Nodes for IP Cores                                             ; Off                ; Off                ;
; Preserve fewer node names                                                       ; On                 ; On                 ;
; Intel FPGA IP Evaluation Mode                                                   ; Enable             ; Enable             ;
; Verilog Version                                                                 ; Verilog_2001       ; Verilog_2001       ;
; VHDL Version                                                                    ; VHDL_1993          ; VHDL_1993          ;
; State Machine Processing                                                        ; Auto               ; Auto               ;
; Safe State Machine                                                              ; Off                ; Off                ;
; Extract Verilog State Machines                                                  ; On                 ; On                 ;
; Extract VHDL State Machines                                                     ; On                 ; On                 ;
; Ignore Verilog initial constructs                                               ; Off                ; Off                ;
; Iteration limit for constant Verilog loops                                      ; 5000               ; 5000               ;
; Iteration limit for non-constant Verilog loops                                  ; 250                ; 250                ;
; Add Pass-Through Logic to Inferred RAMs                                         ; On                 ; On                 ;
; Infer RAMs from Raw Logic                                                       ; On                 ; On                 ;
; Parallel Synthesis                                                              ; On                 ; On                 ;
; DSP Block Balancing                                                             ; Auto               ; Auto               ;
; NOT Gate Push-Back                                                              ; On                 ; On                 ;
; Power-Up Don't Care                                                             ; On                 ; On                 ;
; Remove Redundant Logic Cells                                                    ; Off                ; Off                ;
; Remove Duplicate Registers                                                      ; On                 ; On                 ;
; Ignore CARRY Buffers                                                            ; Off                ; Off                ;
; Ignore CASCADE Buffers                                                          ; Off                ; Off                ;
; Ignore GLOBAL Buffers                                                           ; Off                ; Off                ;
; Ignore ROW GLOBAL Buffers                                                       ; Off                ; Off                ;
; Ignore LCELL Buffers                                                            ; Off                ; Off                ;
; Ignore SOFT Buffers                                                             ; On                 ; On                 ;
; Limit AHDL Integers to 32 Bits                                                  ; Off                ; Off                ;
; Optimization Technique                                                          ; Balanced           ; Balanced           ;
; Carry Chain Length                                                              ; 70                 ; 70                 ;
; Auto Carry Chains                                                               ; On                 ; On                 ;
; Auto Open-Drain Pins                                                            ; On                 ; On                 ;
; Perform WYSIWYG Primitive Resynthesis                                           ; Off                ; Off                ;
; Auto ROM Replacement                                                            ; On                 ; On                 ;
; Auto RAM Replacement                                                            ; On                 ; On                 ;
; Auto DSP Block Replacement                                                      ; On                 ; On                 ;
; Auto Shift Register Replacement                                                 ; Auto               ; Auto               ;
; Allow Shift Register Merging across Hierarchies                                 ; Auto               ; Auto               ;
; Auto Clock Enable Replacement                                                   ; On                 ; On                 ;
; Strict RAM Replacement                                                          ; Off                ; Off                ;
; Allow Synchronous Control Signals                                               ; On                 ; On                 ;
; Force Use of Synchronous Clear Signals                                          ; Off                ; Off                ;
; Auto Resource Sharing                                                           ; Off                ; Off                ;
; Allow Any RAM Size For Recognition                                              ; Off                ; Off                ;
; Allow Any ROM Size For Recognition                                              ; Off                ; Off                ;
; Allow Any Shift Register Size For Recognition                                   ; Off                ; Off                ;
; Use LogicLock Constraints during Resource Balancing                             ; On                 ; On                 ;
; Ignore translate_off and synthesis_off directives                               ; Off                ; Off                ;
; Timing-Driven Synthesis                                                         ; On                 ; On                 ;
; Report Parameter Settings                                                       ; On                 ; On                 ;
; Report Source Assignments                                                       ; On                 ; On                 ;
; Report Connectivity Checks                                                      ; On                 ; On                 ;
; Ignore Maximum Fan-Out Assignments                                              ; Off                ; Off                ;
; Synchronization Register Chain Length                                           ; 3                  ; 3                  ;
; Power Optimization During Synthesis                                             ; Normal compilation ; Normal compilation ;
; HDL message level                                                               ; Level2             ; Level2             ;
; Suppress Register Optimization Related Messages                                 ; Off                ; Off                ;
; Number of Removed Registers Reported in Synthesis Report                        ; 5000               ; 5000               ;
; Number of Swept Nodes Reported in Synthesis Report                              ; 5000               ; 5000               ;
; Number of Inverted Registers Reported in Synthesis Report                       ; 100                ; 100                ;
; Clock MUX Protection                                                            ; On                 ; On                 ;
; Auto Gated Clock Conversion                                                     ; Off                ; Off                ;
; Block Design Naming                                                             ; Auto               ; Auto               ;
; SDC constraint protection                                                       ; Off                ; Off                ;
; Synthesis Effort                                                                ; Auto               ; Auto               ;
; Shift Register Replacement - Allow Asynchronous Clear Signal                    ; On                 ; On                 ;
; Pre-Mapping Resynthesis Optimization                                            ; Off                ; Off                ;
; Analysis & Synthesis Message Level                                              ; Medium             ; Medium             ;
; Disable Register Merging Across Hierarchies                                     ; Auto               ; Auto               ;
; Resource Aware Inference For Block RAM                                          ; On                 ; On                 ;
; Automatic Parallel Synthesis                                                    ; On                 ; On                 ;
; Partial Reconfiguration Bitstream ID                                            ; Off                ; Off                ;
+---------------------------------------------------------------------------------+--------------------+--------------------+


+------------------------------------------+
; Parallel Compilation                     ;
+----------------------------+-------------+
; Processors                 ; Number      ;
+----------------------------+-------------+
; Number detected on machine ; 24          ;
; Maximum allowed            ; 16          ;
;                            ;             ;
; Average used               ; 1.00        ;
; Maximum used               ; 16          ;
;                            ;             ;
; Usage by Processor         ; % Time Used ;
;     Processor 1            ; 100.0%      ;
;     Processor 2            ;   0.0%      ;
;     Processor 3            ;   0.0%      ;
;     Processor 4            ;   0.0%      ;
;     Processor 5            ;   0.0%      ;
;     Processor 6            ;   0.0%      ;
;     Processor 7            ;   0.0%      ;
;     Processor 8            ;   0.0%      ;
;     Processors 9-16        ;   0.0%      ;
+----------------------------+-------------+


+----------------------------------------------------------------------------------------------------------------------------------------------------------------------------------+
; Analysis & Synthesis Source Files Read                                                                                                                                           ;
+----------------------------------+-----------------+------------------------------+------------------------------------------------------------------------------------+---------+
; File Name with User-Entered Path ; Used in Netlist ; File Type                    ; File Name with Absolute Path                                                       ; Library ;
+----------------------------------+-----------------+------------------------------+------------------------------------------------------------------------------------+---------+
; gate_finder.v                    ; yes             ; User Verilog HDL File        ; C:/Users/Stratos/Documents/0_projects/PV200/gate_finder/gate_finder.v              ;         ;
; 1hz_clock_div.v                  ; yes             ; User Verilog HDL File        ; C:/Users/Stratos/Documents/0_projects/PV200/gate_finder/1hz_clock_div.v            ;         ;
; lpm_divide.tdf                   ; yes             ; Megafunction                 ; c:/intelfpga_lite/22.1std/quartus/libraries/megafunctions/lpm_divide.tdf           ;         ;
; abs_divider.inc                  ; yes             ; Megafunction                 ; c:/intelfpga_lite/22.1std/quartus/libraries/megafunctions/abs_divider.inc          ;         ;
; sign_div_unsign.inc              ; yes             ; Megafunction                 ; c:/intelfpga_lite/22.1std/quartus/libraries/megafunctions/sign_div_unsign.inc      ;         ;
; aglobal221.inc                   ; yes             ; Megafunction                 ; c:/intelfpga_lite/22.1std/quartus/libraries/megafunctions/aglobal221.inc           ;         ;
; db/lpm_divide_3am.tdf            ; yes             ; Auto-Generated Megafunction  ; C:/Users/Stratos/Documents/0_projects/PV200/gate_finder/db/lpm_divide_3am.tdf      ;         ;
; db/sign_div_unsign_9kh.tdf       ; yes             ; Auto-Generated Megafunction  ; C:/Users/Stratos/Documents/0_projects/PV200/gate_finder/db/sign_div_unsign_9kh.tdf ;         ;
; db/alt_u_div_ose.tdf             ; yes             ; Auto-Generated Megafunction  ; C:/Users/Stratos/Documents/0_projects/PV200/gate_finder/db/alt_u_div_ose.tdf       ;         ;
+----------------------------------+-----------------+------------------------------+------------------------------------------------------------------------------------+---------+


+-----------------------------------------------------------------------+
; Analysis & Synthesis Resource Usage Summary                           ;
+---------------------------------------------+-------------------------+
; Resource                                    ; Usage                   ;
+---------------------------------------------+-------------------------+
; Estimate of Logic utilization (ALMs needed) ; 305                     ;
;                                             ;                         ;
; Combinational ALUT usage for logic          ; 466                     ;
;     -- 7 input functions                    ; 15                      ;
;     -- 6 input functions                    ; 128                     ;
;     -- 5 input functions                    ; 94                      ;
;     -- 4 input functions                    ; 59                      ;
;     -- <=3 input functions                  ; 170                     ;
;                                             ;                         ;
; Dedicated logic registers                   ; 133                     ;
;                                             ;                         ;
; I/O pins                                    ; 51                      ;
;                                             ;                         ;
; Total DSP Blocks                            ; 0                       ;
;                                             ;                         ;
; Maximum fan-out node                        ; clock_divider:s_clk|out ;
; Maximum fan-out                             ; 108                     ;
; Total fan-out                               ; 2531                    ;
; Average fan-out                             ; 3.43                    ;
+---------------------------------------------+-------------------------+


+-----------------------------------------------------------------------------------------------------------------------------------------------------------------------------------------------------------------------------------------------------------------------------------------------------+
; Analysis & Synthesis Resource Utilization by Entity                                                                                                                                                                                                                                                 ;
+----------------------------------------+---------------------+---------------------------+-------------------+------------+------+--------------+--------------------------------------------------------------------------------------------------------------+---------------------+--------------+
; Compilation Hierarchy Node             ; Combinational ALUTs ; Dedicated Logic Registers ; Block Memory Bits ; DSP Blocks ; Pins ; Virtual Pins ; Full Hierarchy Name                                                                                          ; Entity Name         ; Library Name ;
+----------------------------------------+---------------------+---------------------------+-------------------+------------+------+--------------+--------------------------------------------------------------------------------------------------------------+---------------------+--------------+
; |gate_finder                           ; 466 (398)           ; 133 (107)                 ; 0                 ; 0          ; 51   ; 0            ; |gate_finder                                                                                                 ; gate_finder         ; work         ;
;    |clock_divider:s_clk|               ; 31 (31)             ; 26 (26)                   ; 0                 ; 0          ; 0    ; 0            ; |gate_finder|clock_divider:s_clk                                                                             ; clock_divider       ; work         ;
;    |lpm_divide:Div0|                   ; 37 (0)              ; 0 (0)                     ; 0                 ; 0          ; 0    ; 0            ; |gate_finder|lpm_divide:Div0                                                                                 ; lpm_divide          ; work         ;
;       |lpm_divide_3am:auto_generated|  ; 37 (0)              ; 0 (0)                     ; 0                 ; 0          ; 0    ; 0            ; |gate_finder|lpm_divide:Div0|lpm_divide_3am:auto_generated                                                   ; lpm_divide_3am      ; work         ;
;          |sign_div_unsign_9kh:divider| ; 37 (0)              ; 0 (0)                     ; 0                 ; 0          ; 0    ; 0            ; |gate_finder|lpm_divide:Div0|lpm_divide_3am:auto_generated|sign_div_unsign_9kh:divider                       ; sign_div_unsign_9kh ; work         ;
;             |alt_u_div_ose:divider|    ; 37 (37)             ; 0 (0)                     ; 0                 ; 0          ; 0    ; 0            ; |gate_finder|lpm_divide:Div0|lpm_divide_3am:auto_generated|sign_div_unsign_9kh:divider|alt_u_div_ose:divider ; alt_u_div_ose       ; work         ;
+----------------------------------------+---------------------+---------------------------+-------------------+------------+------+--------------+--------------------------------------------------------------------------------------------------------------+---------------------+--------------+
Note: For table entries with two numbers listed, the numbers in parentheses indicate the number of resources of the given type used by the specific entity alone. The numbers listed outside of parentheses indicate the total resources of the given type used by the specific entity and all of its sub-entities in the hierarchy.


Encoding Type:  One-Hot
+---------------------------------------------------------------------------------------------------------------------------------+
; State Machine - |gate_finder|state                                                                                              ;
+----------------+--------------+----------------+----------------+---------------+----------------+----------------+-------------+
; Name           ; state.FAILED ; state.FINISHED ; state.XOR_TEST ; state.OR_TEST ; state.AND_TEST ; state.NOT_TEST ; state.RESET ;
+----------------+--------------+----------------+----------------+---------------+----------------+----------------+-------------+
; state.RESET    ; 0            ; 0              ; 0              ; 0             ; 0              ; 0              ; 0           ;
; state.NOT_TEST ; 0            ; 0              ; 0              ; 0             ; 0              ; 1              ; 1           ;
; state.AND_TEST ; 0            ; 0              ; 0              ; 0             ; 1              ; 0              ; 1           ;
; state.OR_TEST  ; 0            ; 0              ; 0              ; 1             ; 0              ; 0              ; 1           ;
; state.XOR_TEST ; 0            ; 0              ; 1              ; 0             ; 0              ; 0              ; 1           ;
; state.FINISHED ; 0            ; 1              ; 0              ; 0             ; 0              ; 0              ; 1           ;
; state.FAILED   ; 1            ; 0              ; 0              ; 0             ; 0              ; 0              ; 1           ;
+----------------+--------------+----------------+----------------+---------------+----------------+----------------+-------------+


+---------------------------------------------------------------------------------+
; Registers Removed During Synthesis                                              ;
+----------------------------------------+----------------------------------------+
; Register name                          ; Reason for Removal                     ;
+----------------------------------------+----------------------------------------+
; match_cnts[0][7]                       ; Merged with match_cnts[0][6]           ;
; max[7]                                 ; Merged with max[6]                     ;
; match_cnts[1][7]                       ; Merged with match_cnts[1][6]           ;
; match_cnts[2][7]                       ; Merged with match_cnts[2][6]           ;
; match_cnts[3][7]                       ; Merged with match_cnts[3][6]           ;
; index[3..7]                            ; Merged with index[2]                   ;
; match_cnts[3][6]                       ; Stuck at GND due to stuck port data_in ;
; match_cnts[2][6]                       ; Stuck at GND due to stuck port data_in ;
; match_cnts[1][6]                       ; Stuck at GND due to stuck port data_in ;
; match_cnts[0][6]                       ; Stuck at GND due to stuck port data_in ;
; index[2]                               ; Stuck at GND due to stuck port data_in ;
; max[6]                                 ; Stuck at GND due to stuck port data_in ;
; state~11                               ; Lost fanout                            ;
; state~12                               ; Lost fanout                            ;
; state~13                               ; Lost fanout                            ;
; state~14                               ; Lost fanout                            ;
; state~15                               ; Lost fanout                            ;
; state~16                               ; Lost fanout                            ;
; state~17                               ; Lost fanout                            ;
; state~18                               ; Lost fanout                            ;
; Total Number of Removed Registers = 24 ;                                        ;
+----------------------------------------+----------------------------------------+


+------------------------------------------------------+
; General Register Statistics                          ;
+----------------------------------------------+-------+
; Statistic                                    ; Value ;
+----------------------------------------------+-------+
; Total registers                              ; 133   ;
; Number of registers using Synchronous Clear  ; 80    ;
; Number of registers using Synchronous Load   ; 2     ;
; Number of registers using Asynchronous Clear ; 7     ;
; Number of registers using Asynchronous Load  ; 0     ;
; Number of registers using Clock Enable       ; 104   ;
; Number of registers using Preset             ; 0     ;
+----------------------------------------------+-------+


+--------------------------------------------------+
; Inverted Register Statistics                     ;
+----------------------------------------+---------+
; Inverted Register                      ; Fan out ;
+----------------------------------------+---------+
; rw                                     ; 31      ;
; Total number of inverted registers = 1 ;         ;
+----------------------------------------+---------+


+---------------------------------------------------------------------------------------------------------------------------------------------+
; Multiplexer Restructuring Statistics (Restructuring Performed)                                                                              ;
+--------------------+-----------+---------------+----------------------+------------------------+------------+-------------------------------+
; Multiplexer Inputs ; Bus Width ; Baseline Area ; Area if Restructured ; Saving if Restructured ; Registered ; Example Multiplexer Output    ;
+--------------------+-----------+---------------+----------------------+------------------------+------------+-------------------------------+
; 3:1                ; 8 bits    ; 16 LEs        ; 0 LEs                ; 16 LEs                 ; Yes        ; |gate_finder|max[4]           ;
; 3:1                ; 6 bits    ; 12 LEs        ; 6 LEs                ; 6 LEs                  ; Yes        ; |gate_finder|match_cnts[0][2] ;
; 3:1                ; 6 bits    ; 12 LEs        ; 6 LEs                ; 6 LEs                  ; Yes        ; |gate_finder|match_cnts[1][1] ;
; 3:1                ; 6 bits    ; 12 LEs        ; 6 LEs                ; 6 LEs                  ; Yes        ; |gate_finder|match_cnts[2][1] ;
; 3:1                ; 6 bits    ; 12 LEs        ; 6 LEs                ; 6 LEs                  ; Yes        ; |gate_finder|match_cnts[3][5] ;
; 5:1                ; 6 bits    ; 18 LEs        ; 12 LEs               ; 6 LEs                  ; Yes        ; |gate_finder|i[7]             ;
; 6:1                ; 7 bits    ; 28 LEs        ; 21 LEs               ; 7 LEs                  ; Yes        ; |gate_finder|match_cnt[6]     ;
; 7:1                ; 6 bits    ; 24 LEs        ; 24 LEs               ; 0 LEs                  ; Yes        ; |gate_finder|result[2]        ;
; 8:1                ; 8 bits    ; 40 LEs        ; 0 LEs                ; 40 LEs                 ; Yes        ; |gate_finder|test_val[5]      ;
; 10:1               ; 8 bits    ; 48 LEs        ; 16 LEs               ; 32 LEs                 ; Yes        ; |gate_finder|func_match[1]    ;
; 12:1               ; 2 bits    ; 16 LEs        ; 16 LEs               ; 0 LEs                  ; No         ; |gate_finder|Mux2             ;
; 5:1                ; 2 bits    ; 6 LEs         ; 6 LEs                ; 0 LEs                  ; No         ; |gate_finder|index            ;
; 8:1                ; 2 bits    ; 10 LEs        ; 4 LEs                ; 6 LEs                  ; No         ; |gate_finder|state            ;
+--------------------+-----------+---------------+----------------------+------------------------+------------+-------------------------------+


+-----------------------------------------------------------------------------+
; Parameter Settings for User Entity Instance: Top-level Entity: |gate_finder ;
+----------------+-------+----------------------------------------------------+
; Parameter Name ; Value ; Type                                               ;
+----------------+-------+----------------------------------------------------+
; RESET          ; 0     ; Signed Integer                                     ;
; NOT_TEST       ; 1     ; Signed Integer                                     ;
; AND_TEST       ; 2     ; Signed Integer                                     ;
; OR_TEST        ; 3     ; Signed Integer                                     ;
; XOR_TEST       ; 4     ; Signed Integer                                     ;
; FINISHED       ; 5     ; Signed Integer                                     ;
; FAILED         ; 6     ; Signed Integer                                     ;
; READ           ; 0     ; Signed Integer                                     ;
; WRITE          ; 1     ; Signed Integer                                     ;
; IN             ; 0     ; Signed Integer                                     ;
; OUT            ; 1     ; Signed Integer                                     ;
+----------------+-------+----------------------------------------------------+
Note: In order to hide this table in the UI and the text report file, please set the "Show Parameter Settings in Synthesis Report" option in "Analysis and Synthesis Settings -> More Settings" to "Off".


+------------------------------------------------------------------+
; Parameter Settings for Inferred Entity Instance: lpm_divide:Div0 ;
+------------------------+----------------+------------------------+
; Parameter Name         ; Value          ; Type                   ;
+------------------------+----------------+------------------------+
; LPM_WIDTHN             ; 8              ; Untyped                ;
; LPM_WIDTHD             ; 2              ; Untyped                ;
; LPM_NREPRESENTATION    ; UNSIGNED       ; Untyped                ;
; LPM_DREPRESENTATION    ; UNSIGNED       ; Untyped                ;
; LPM_PIPELINE           ; 0              ; Untyped                ;
; LPM_REMAINDERPOSITIVE  ; TRUE           ; Untyped                ;
; MAXIMIZE_SPEED         ; 5              ; Untyped                ;
; CBXI_PARAMETER         ; lpm_divide_3am ; Untyped                ;
; CARRY_CHAIN            ; MANUAL         ; Untyped                ;
; OPTIMIZE_FOR_SPEED     ; 5              ; Untyped                ;
; AUTO_CARRY_CHAINS      ; ON             ; AUTO_CARRY             ;
; IGNORE_CARRY_BUFFERS   ; OFF            ; IGNORE_CARRY           ;
; AUTO_CASCADE_CHAINS    ; ON             ; AUTO_CASCADE           ;
; IGNORE_CASCADE_BUFFERS ; OFF            ; IGNORE_CASCADE         ;
+------------------------+----------------+------------------------+
Note: In order to hide this table in the UI and the text report file, please set the "Show Parameter Settings in Synthesis Report" option in "Analysis and Synthesis Settings -> More Settings" to "Off".


+-------------------------------------------------+
; Port Connectivity Checks: "clock_divider:s_clk" ;
+------+-------+----------+-----------------------+
; Port ; Type  ; Severity ; Details               ;
+------+-------+----------+-----------------------+
; rst  ; Input ; Info     ; Stuck at GND          ;
+------+-------+----------+-----------------------+


+-----------------------------------------------------+
; Post-Synthesis Netlist Statistics for Top Partition ;
+-----------------------+-----------------------------+
; Type                  ; Count                       ;
+-----------------------+-----------------------------+
; arriav_ff             ; 133                         ;
;     CLR               ; 3                           ;
;     ENA               ; 44                          ;
;     ENA CLR           ; 4                           ;
;     ENA SCLR          ; 54                          ;
;     ENA SCLR SLD      ; 1                           ;
;     ENA SLD           ; 1                           ;
;     SCLR              ; 25                          ;
;     plain             ; 1                           ;
; arriav_io_obuf        ; 36                          ;
; arriav_lcell_comb     ; 466                         ;
;     arith             ; 99                          ;
;         0 data inputs ; 8                           ;
;         1 data inputs ; 79                          ;
;         2 data inputs ; 1                           ;
;         3 data inputs ; 6                           ;
;         4 data inputs ; 5                           ;
;     extend            ; 15                          ;
;         7 data inputs ; 15                          ;
;     normal            ; 352                         ;
;         2 data inputs ; 39                          ;
;         3 data inputs ; 37                          ;
;         4 data inputs ; 54                          ;
;         5 data inputs ; 94                          ;
;         6 data inputs ; 128                         ;
; boundary_port         ; 51                          ;
;                       ;                             ;
; Max LUT depth         ; 11.00                       ;
; Average LUT depth     ; 6.18                        ;
+-----------------------+-----------------------------+


+-------------------------------+
; Elapsed Time Per Partition    ;
+----------------+--------------+
; Partition Name ; Elapsed Time ;
+----------------+--------------+
; Top            ; 00:00:00     ;
+----------------+--------------+


+-------------------------------+
; Analysis & Synthesis Messages ;
+-------------------------------+
Info: *******************************************************************
Info: Running Quartus Prime Analysis & Synthesis
    Info: Version 22.1std.2 Build 922 07/20/2023 SC Lite Edition
    Info: Processing started: Thu Dec  7 18:29:41 2023
Info: Command: quartus_map --read_settings_files=on --write_settings_files=off gate_finder -c gate_finder
Warning (18236): Number of processors has not been specified which may cause overloading on shared machines.  Set the global assignment NUM_PARALLEL_PROCESSORS in your QSF to an appropriate value for best performance.
Info (20030): Parallel compilation is enabled and will use 16 of the 16 processors detected
Info (12021): Found 1 design units, including 1 entities, in source file gate_finder.v
    Info (12023): Found entity 1: gate_finder File: C:/Users/Stratos/Documents/0_projects/PV200/gate_finder/gate_finder.v Line: 3
Info (12021): Found 1 design units, including 1 entities, in source file 1hz_clock_div.v
    Info (12023): Found entity 1: clock_divider File: C:/Users/Stratos/Documents/0_projects/PV200/gate_finder/1hz_clock_div.v Line: 1
Warning (10236): Verilog HDL Implicit Net warning at gate_finder.v(4): created implicit net for "rst" File: C:/Users/Stratos/Documents/0_projects/PV200/gate_finder/gate_finder.v Line: 4
Info (12127): Elaborating entity "gate_finder" for the top level hierarchy
Warning (10230): Verilog HDL assignment warning at gate_finder.v(56): truncated value with size 32 to match size of target (1) File: C:/Users/Stratos/Documents/0_projects/PV200/gate_finder/gate_finder.v Line: 56
Warning (10230): Verilog HDL assignment warning at gate_finder.v(102): truncated value with size 32 to match size of target (1) File: C:/Users/Stratos/Documents/0_projects/PV200/gate_finder/gate_finder.v Line: 102
Warning (10230): Verilog HDL assignment warning at gate_finder.v(111): truncated value with size 32 to match size of target (12) File: C:/Users/Stratos/Documents/0_projects/PV200/gate_finder/gate_finder.v Line: 111
Warning (10230): Verilog HDL assignment warning at gate_finder.v(110): truncated value with size 32 to match size of target (8) File: C:/Users/Stratos/Documents/0_projects/PV200/gate_finder/gate_finder.v Line: 110
Warning (10230): Verilog HDL assignment warning at gate_finder.v(124): truncated value with size 32 to match size of target (1) File: C:/Users/Stratos/Documents/0_projects/PV200/gate_finder/gate_finder.v Line: 124
Warning (10230): Verilog HDL assignment warning at gate_finder.v(126): truncated value with size 32 to match size of target (1) File: C:/Users/Stratos/Documents/0_projects/PV200/gate_finder/gate_finder.v Line: 126
Warning (10230): Verilog HDL assignment warning at gate_finder.v(127): truncated value with size 32 to match size of target (8) File: C:/Users/Stratos/Documents/0_projects/PV200/gate_finder/gate_finder.v Line: 127
Warning (10230): Verilog HDL assignment warning at gate_finder.v(132): truncated value with size 32 to match size of target (1) File: C:/Users/Stratos/Documents/0_projects/PV200/gate_finder/gate_finder.v Line: 132
Warning (10230): Verilog HDL assignment warning at gate_finder.v(136): truncated value with size 32 to match size of target (8) File: C:/Users/Stratos/Documents/0_projects/PV200/gate_finder/gate_finder.v Line: 136
Warning (10230): Verilog HDL assignment warning at gate_finder.v(144): truncated value with size 32 to match size of target (8) File: C:/Users/Stratos/Documents/0_projects/PV200/gate_finder/gate_finder.v Line: 144
Warning (10230): Verilog HDL assignment warning at gate_finder.v(148): truncated value with size 32 to match size of target (8) File: C:/Users/Stratos/Documents/0_projects/PV200/gate_finder/gate_finder.v Line: 148
Warning (10230): Verilog HDL assignment warning at gate_finder.v(173): truncated value with size 32 to match size of target (1) File: C:/Users/Stratos/Documents/0_projects/PV200/gate_finder/gate_finder.v Line: 173
Warning (10230): Verilog HDL assignment warning at gate_finder.v(176): truncated value with size 32 to match size of target (1) File: C:/Users/Stratos/Documents/0_projects/PV200/gate_finder/gate_finder.v Line: 176
Warning (10230): Verilog HDL assignment warning at gate_finder.v(177): truncated value with size 32 to match size of target (1) File: C:/Users/Stratos/Documents/0_projects/PV200/gate_finder/gate_finder.v Line: 177
Warning (10230): Verilog HDL assignment warning at gate_finder.v(178): truncated value with size 32 to match size of target (8) File: C:/Users/Stratos/Documents/0_projects/PV200/gate_finder/gate_finder.v Line: 178
Warning (10230): Verilog HDL assignment warning at gate_finder.v(183): truncated value with size 32 to match size of target (1) File: C:/Users/Stratos/Documents/0_projects/PV200/gate_finder/gate_finder.v Line: 183
Warning (10230): Verilog HDL assignment warning at gate_finder.v(187): truncated value with size 32 to match size of target (8) File: C:/Users/Stratos/Documents/0_projects/PV200/gate_finder/gate_finder.v Line: 187
Warning (10230): Verilog HDL assignment warning at gate_finder.v(195): truncated value with size 32 to match size of target (8) File: C:/Users/Stratos/Documents/0_projects/PV200/gate_finder/gate_finder.v Line: 195
Warning (10230): Verilog HDL assignment warning at gate_finder.v(199): truncated value with size 32 to match size of target (8) File: C:/Users/Stratos/Documents/0_projects/PV200/gate_finder/gate_finder.v Line: 199
Warning (10230): Verilog HDL assignment warning at gate_finder.v(222): truncated value with size 32 to match size of target (1) File: C:/Users/Stratos/Documents/0_projects/PV200/gate_finder/gate_finder.v Line: 222
Warning (10230): Verilog HDL assignment warning at gate_finder.v(225): truncated value with size 32 to match size of target (1) File: C:/Users/Stratos/Documents/0_projects/PV200/gate_finder/gate_finder.v Line: 225
Warning (10230): Verilog HDL assignment warning at gate_finder.v(226): truncated value with size 32 to match size of target (1) File: C:/Users/Stratos/Documents/0_projects/PV200/gate_finder/gate_finder.v Line: 226
Warning (10230): Verilog HDL assignment warning at gate_finder.v(227): truncated value with size 32 to match size of target (8) File: C:/Users/Stratos/Documents/0_projects/PV200/gate_finder/gate_finder.v Line: 227
Warning (10230): Verilog HDL assignment warning at gate_finder.v(232): truncated value with size 32 to match size of target (1) File: C:/Users/Stratos/Documents/0_projects/PV200/gate_finder/gate_finder.v Line: 232
Warning (10230): Verilog HDL assignment warning at gate_finder.v(236): truncated value with size 32 to match size of target (8) File: C:/Users/Stratos/Documents/0_projects/PV200/gate_finder/gate_finder.v Line: 236
Warning (10230): Verilog HDL assignment warning at gate_finder.v(244): truncated value with size 32 to match size of target (8) File: C:/Users/Stratos/Documents/0_projects/PV200/gate_finder/gate_finder.v Line: 244
Warning (10230): Verilog HDL assignment warning at gate_finder.v(248): truncated value with size 32 to match size of target (8) File: C:/Users/Stratos/Documents/0_projects/PV200/gate_finder/gate_finder.v Line: 248
Warning (10230): Verilog HDL assignment warning at gate_finder.v(272): truncated value with size 32 to match size of target (1) File: C:/Users/Stratos/Documents/0_projects/PV200/gate_finder/gate_finder.v Line: 272
Warning (10230): Verilog HDL assignment warning at gate_finder.v(275): truncated value with size 32 to match size of target (1) File: C:/Users/Stratos/Documents/0_projects/PV200/gate_finder/gate_finder.v Line: 275
Warning (10230): Verilog HDL assignment warning at gate_finder.v(276): truncated value with size 32 to match size of target (1) File: C:/Users/Stratos/Documents/0_projects/PV200/gate_finder/gate_finder.v Line: 276
Warning (10230): Verilog HDL assignment warning at gate_finder.v(277): truncated value with size 32 to match size of target (8) File: C:/Users/Stratos/Documents/0_projects/PV200/gate_finder/gate_finder.v Line: 277
Warning (10230): Verilog HDL assignment warning at gate_finder.v(282): truncated value with size 32 to match size of target (1) File: C:/Users/Stratos/Documents/0_projects/PV200/gate_finder/gate_finder.v Line: 282
Warning (10230): Verilog HDL assignment warning at gate_finder.v(286): truncated value with size 32 to match size of target (8) File: C:/Users/Stratos/Documents/0_projects/PV200/gate_finder/gate_finder.v Line: 286
Warning (10230): Verilog HDL assignment warning at gate_finder.v(293): truncated value with size 32 to match size of target (8) File: C:/Users/Stratos/Documents/0_projects/PV200/gate_finder/gate_finder.v Line: 293
Warning (10230): Verilog HDL assignment warning at gate_finder.v(297): truncated value with size 32 to match size of target (8) File: C:/Users/Stratos/Documents/0_projects/PV200/gate_finder/gate_finder.v Line: 297
Warning (10230): Verilog HDL assignment warning at gate_finder.v(324): truncated value with size 32 to match size of target (8) File: C:/Users/Stratos/Documents/0_projects/PV200/gate_finder/gate_finder.v Line: 324
Warning (10230): Verilog HDL assignment warning at gate_finder.v(336): truncated value with size 8 to match size of target (6) File: C:/Users/Stratos/Documents/0_projects/PV200/gate_finder/gate_finder.v Line: 336
Info (12128): Elaborating entity "clock_divider" for hierarchy "clock_divider:s_clk" File: C:/Users/Stratos/Documents/0_projects/PV200/gate_finder/gate_finder.v Line: 79
Warning (10230): Verilog HDL assignment warning at 1hz_clock_div.v(23): truncated value with size 32 to match size of target (25) File: C:/Users/Stratos/Documents/0_projects/PV200/gate_finder/1hz_clock_div.v Line: 23
Info (278001): Inferred 1 megafunctions from design logic
    Info (278004): Inferred divider/modulo megafunction ("lpm_divide") from the following logic: "Div0" File: C:/Users/Stratos/Documents/0_projects/PV200/gate_finder/gate_finder.v Line: 294
Info (12130): Elaborated megafunction instantiation "lpm_divide:Div0" File: C:/Users/Stratos/Documents/0_projects/PV200/gate_finder/gate_finder.v Line: 294
Info (12133): Instantiated megafunction "lpm_divide:Div0" with the following parameter: File: C:/Users/Stratos/Documents/0_projects/PV200/gate_finder/gate_finder.v Line: 294
    Info (12134): Parameter "LPM_WIDTHN" = "8"
    Info (12134): Parameter "LPM_WIDTHD" = "2"
    Info (12134): Parameter "LPM_NREPRESENTATION" = "UNSIGNED"
    Info (12134): Parameter "LPM_DREPRESENTATION" = "UNSIGNED"
Info (12021): Found 1 design units, including 1 entities, in source file db/lpm_divide_3am.tdf
    Info (12023): Found entity 1: lpm_divide_3am File: C:/Users/Stratos/Documents/0_projects/PV200/gate_finder/db/lpm_divide_3am.tdf Line: 25
Info (12021): Found 1 design units, including 1 entities, in source file db/sign_div_unsign_9kh.tdf
    Info (12023): Found entity 1: sign_div_unsign_9kh File: C:/Users/Stratos/Documents/0_projects/PV200/gate_finder/db/sign_div_unsign_9kh.tdf Line: 25
Info (12021): Found 1 design units, including 1 entities, in source file db/alt_u_div_ose.tdf
    Info (12023): Found entity 1: alt_u_div_ose File: C:/Users/Stratos/Documents/0_projects/PV200/gate_finder/db/alt_u_div_ose.tdf Line: 23
Warning (13039): The following bidirectional pins have no drivers
    Warning (13040): bidirectional pin "GPIO_0[0]" has no driver File: C:/Users/Stratos/Documents/0_projects/PV200/gate_finder/gate_finder.v Line: 3
    Warning (13040): bidirectional pin "GPIO_0[1]" has no driver File: C:/Users/Stratos/Documents/0_projects/PV200/gate_finder/gate_finder.v Line: 3
    Warning (13040): bidirectional pin "GPIO_0[2]" has no driver File: C:/Users/Stratos/Documents/0_projects/PV200/gate_finder/gate_finder.v Line: 3
    Warning (13040): bidirectional pin "GPIO_0[3]" has no driver File: C:/Users/Stratos/Documents/0_projects/PV200/gate_finder/gate_finder.v Line: 3
    Warning (13040): bidirectional pin "GPIO_0[4]" has no driver File: C:/Users/Stratos/Documents/0_projects/PV200/gate_finder/gate_finder.v Line: 3
    Warning (13040): bidirectional pin "GPIO_0[5]" has no driver File: C:/Users/Stratos/Documents/0_projects/PV200/gate_finder/gate_finder.v Line: 3
    Warning (13040): bidirectional pin "GPIO_0[6]" has no driver File: C:/Users/Stratos/Documents/0_projects/PV200/gate_finder/gate_finder.v Line: 3
    Warning (13040): bidirectional pin "GPIO_0[7]" has no driver File: C:/Users/Stratos/Documents/0_projects/PV200/gate_finder/gate_finder.v Line: 3
    Warning (13040): bidirectional pin "GPIO_0[8]" has no driver File: C:/Users/Stratos/Documents/0_projects/PV200/gate_finder/gate_finder.v Line: 3
    Warning (13040): bidirectional pin "GPIO_0[9]" has no driver File: C:/Users/Stratos/Documents/0_projects/PV200/gate_finder/gate_finder.v Line: 3
    Warning (13040): bidirectional pin "GPIO_0[10]" has no driver File: C:/Users/Stratos/Documents/0_projects/PV200/gate_finder/gate_finder.v Line: 3
    Warning (13040): bidirectional pin "GPIO_0[11]" has no driver File: C:/Users/Stratos/Documents/0_projects/PV200/gate_finder/gate_finder.v Line: 3
    Warning (13040): bidirectional pin "GPIO_0[12]" has no driver File: C:/Users/Stratos/Documents/0_projects/PV200/gate_finder/gate_finder.v Line: 3
    Warning (13040): bidirectional pin "GPIO_0[13]" has no driver File: C:/Users/Stratos/Documents/0_projects/PV200/gate_finder/gate_finder.v Line: 3
    Warning (13040): bidirectional pin "GPIO_0[14]" has no driver File: C:/Users/Stratos/Documents/0_projects/PV200/gate_finder/gate_finder.v Line: 3
    Warning (13040): bidirectional pin "GPIO_0[15]" has no driver File: C:/Users/Stratos/Documents/0_projects/PV200/gate_finder/gate_finder.v Line: 3
    Warning (13040): bidirectional pin "GPIO_0[16]" has no driver File: C:/Users/Stratos/Documents/0_projects/PV200/gate_finder/gate_finder.v Line: 3
    Warning (13040): bidirectional pin "GPIO_0[17]" has no driver File: C:/Users/Stratos/Documents/0_projects/PV200/gate_finder/gate_finder.v Line: 3
    Warning (13040): bidirectional pin "GPIO_0[18]" has no driver File: C:/Users/Stratos/Documents/0_projects/PV200/gate_finder/gate_finder.v Line: 3
    Warning (13040): bidirectional pin "GPIO_0[19]" has no driver File: C:/Users/Stratos/Documents/0_projects/PV200/gate_finder/gate_finder.v Line: 3
    Warning (13040): bidirectional pin "GPIO_0[26]" has no driver File: C:/Users/Stratos/Documents/0_projects/PV200/gate_finder/gate_finder.v Line: 3
    Warning (13040): bidirectional pin "GPIO_0[27]" has no driver File: C:/Users/Stratos/Documents/0_projects/PV200/gate_finder/gate_finder.v Line: 3
    Warning (13040): bidirectional pin "GPIO_0[28]" has no driver File: C:/Users/Stratos/Documents/0_projects/PV200/gate_finder/gate_finder.v Line: 3
    Warning (13040): bidirectional pin "GPIO_0[29]" has no driver File: C:/Users/Stratos/Documents/0_projects/PV200/gate_finder/gate_finder.v Line: 3
Info (286030): Timing-Driven Synthesis is running
Info (17049): 8 registers lost all their fanouts during netlist optimizations.
Warning (20013): Ignored 24 assignments for entity "DE1_SoC_Default" -- entity does not exist in design
    Warning (20014): Assignment for entity set_instance_assignment -name PARTITION_HIERARCHY root_partition -to | -entity DE1_SoC_Default -section_id Top was ignored
    Warning (20014): Assignment for entity set_global_assignment -name PARTITION_NETLIST_TYPE SOURCE -entity DE1_SoC_Default -section_id Top was ignored
    Warning (20014): Assignment for entity set_global_assignment -name PARTITION_FITTER_PRESERVATION_LEVEL PLACEMENT_AND_ROUTING -entity DE1_SoC_Default -section_id Top was ignored
    Warning (20014): Assignment for entity set_global_assignment -name PARTITION_PRESERVE_HIGH_SPEED_TILES ON -entity DE1_SoC_Default -section_id Top was ignored
    Warning (20014): Assignment for entity set_global_assignment -name PARTITION_IGNORE_SOURCE_FILE_CHANGES OFF -entity DE1_SoC_Default -section_id Top was ignored
    Warning (20014): Assignment for entity set_global_assignment -name PARTITION_ALWAYS_USE_QXP_NETLIST OFF -entity DE1_SoC_Default -section_id Top was ignored
    Warning (20014): Assignment for entity set_global_assignment -name PARTITION_COLOR 16764057 -entity DE1_SoC_Default -section_id Top was ignored
    Warning (20014): Assignment for entity set_global_assignment -name PARTITION_IMPORT_ASSIGNMENTS ON -entity DE1_SoC_Default -section_id Top was ignored
    Warning (20014): Assignment for entity set_global_assignment -name PARTITION_IMPORT_EXISTING_ASSIGNMENTS REPLACE_CONFLICTING -entity DE1_SoC_Default -section_id Top was ignored
    Warning (20014): Assignment for entity set_global_assignment -name PARTITION_IMPORT_EXISTING_LOGICLOCK_REGIONS UPDATE_CONFLICTING -entity DE1_SoC_Default -section_id Top was ignored
    Warning (20014): Assignment for entity set_global_assignment -name PARTITION_IMPORT_PIN_ASSIGNMENTS ON -entity DE1_SoC_Default -section_id Top was ignored
    Warning (20014): Assignment for entity set_global_assignment -name PARTITION_IMPORT_PROMOTE_ASSIGNMENTS ON -entity DE1_SoC_Default -section_id Top was ignored
    Warning (20014): Assignment for entity set_global_assignment -name PARTITION_TYPE STANDARD_PARTITION -entity DE1_SoC_Default -section_id Top was ignored
    Warning (20014): Assignment for entity set_global_assignment -name ALLOW_MULTIPLE_PERSONAS OFF -entity DE1_SoC_Default -section_id Top was ignored
    Warning (20014): Assignment for entity set_global_assignment -name PARTITION_ASD_REGION_ID 1 -entity DE1_SoC_Default -section_id Top was ignored
    Warning (20014): Assignment for entity set_global_assignment -name CROSS_BOUNDARY_OPTIMIZATIONS OFF -entity DE1_SoC_Default -section_id Top was ignored
    Warning (20014): Assignment for entity set_global_assignment -name PROPAGATE_CONSTANTS_ON_INPUTS ON -entity DE1_SoC_Default -section_id Top was ignored
    Warning (20014): Assignment for entity set_global_assignment -name PROPAGATE_INVERSIONS_ON_INPUTS ON -entity DE1_SoC_Default -section_id Top was ignored
    Warning (20014): Assignment for entity set_global_assignment -name REMOVE_LOGIC_ON_UNCONNECTED_OUTPUTS ON -entity DE1_SoC_Default -section_id Top was ignored
    Warning (20014): Assignment for entity set_global_assignment -name MERGE_EQUIVALENT_INPUTS ON -entity DE1_SoC_Default -section_id Top was ignored
    Warning (20014): Assignment for entity set_global_assignment -name MERGE_EQUIVALENT_BIDIRS ON -entity DE1_SoC_Default -section_id Top was ignored
    Warning (20014): Assignment for entity set_global_assignment -name ABSORB_PATHS_FROM_OUTPUTS_TO_INPUTS ON -entity DE1_SoC_Default -section_id Top was ignored
    Warning (20014): Assignment for entity set_global_assignment -name PARTITION_EXTRACT_HARD_BLOCK_NODES ON -entity DE1_SoC_Default -section_id Top was ignored
    Warning (20014): Assignment for entity set_global_assignment -name PARTITION_ENABLE_STRICT_PRESERVATION OFF -entity DE1_SoC_Default -section_id Top was ignored
Info (16010): Generating hard_block partition "hard_block:auto_generated_inst"
    Info (16011): Adding 0 node(s), including 0 DDIO, 0 PLL, 0 transceiver and 0 LCELL
Warning (21074): Design contains 3 input pin(s) that do not drive logic
    Warning (15610): No output dependent on input pin "KEY[1]" File: C:/Users/Stratos/Documents/0_projects/PV200/gate_finder/gate_finder.v Line: 3
    Warning (15610): No output dependent on input pin "KEY[2]" File: C:/Users/Stratos/Documents/0_projects/PV200/gate_finder/gate_finder.v Line: 3
    Warning (15610): No output dependent on input pin "KEY[3]" File: C:/Users/Stratos/Documents/0_projects/PV200/gate_finder/gate_finder.v Line: 3
Info (21057): Implemented 528 device resources after synthesis - the final resource count might be different
    Info (21058): Implemented 5 input pins
    Info (21059): Implemented 10 output pins
    Info (21060): Implemented 36 bidirectional pins
    Info (21061): Implemented 477 logic cells
Info: Quartus Prime Analysis & Synthesis was successful. 0 errors, 94 warnings
    Info: Peak virtual memory: 4957 megabytes
    Info: Processing ended: Thu Dec  7 18:29:47 2023
    Info: Elapsed time: 00:00:06
    Info: Total CPU time (on all processors): 00:00:04


