Analysis & Synthesis report for week_05
Thu Oct 26 17:03:48 2023
Quartus Prime Version 20.1.1 Build 720 11/11/2020 SJ Lite Edition


---------------------
; Table of Contents ;
---------------------
  1. Legal Notice
  2. Analysis & Synthesis Summary
  3. Analysis & Synthesis Settings
  4. Parallel Compilation
  5. Analysis & Synthesis Source Files Read
  6. Analysis & Synthesis Resource Usage Summary
  7. Analysis & Synthesis Resource Utilization by Entity
  8. Registers Removed During Synthesis
  9. General Register Statistics
 10. Parameter Settings for User Entity Instance: clk_divider:u2
 11. Parameter Settings for User Entity Instance: clk_divider:u3
 12. Port Connectivity Checks: "pwm:u4"
 13. Port Connectivity Checks: "segment7:digit5"
 14. Port Connectivity Checks: "segment7:digit3"
 15. Port Connectivity Checks: "segment7:digit1"
 16. Port Connectivity Checks: "segment7:digit0"
 17. Post-Synthesis Netlist Statistics for Top Partition
 18. Elapsed Time Per Partition
 19. Analysis & Synthesis Messages



----------------
; Legal Notice ;
----------------
Copyright (C) 2020  Intel Corporation. All rights reserved.
Your use of Intel Corporation's design tools, logic functions 
and other software and tools, and any partner logic 
functions, and any output files from any of the foregoing 
(including device programming or simulation files), and any 
associated documentation or information are expressly subject 
to the terms and conditions of the Intel Program License 
Subscription Agreement, the Intel Quartus Prime License Agreement,
the Intel FPGA IP License Agreement, or other applicable license
agreement, including, without limitation, that your use is for
the sole purpose of programming logic devices manufactured by
Intel and sold by Intel or its authorized distributors.  Please
refer to the applicable agreement for further details, at
https://fpgasoftware.intel.com/eula.



+-------------------------------------------------------------------------------+
; Analysis & Synthesis Summary                                                  ;
+---------------------------------+---------------------------------------------+
; Analysis & Synthesis Status     ; Successful - Thu Oct 26 17:03:48 2023       ;
; Quartus Prime Version           ; 20.1.1 Build 720 11/11/2020 SJ Lite Edition ;
; Revision Name                   ; week_05                                     ;
; Top-level Entity Name           ; week_05                                     ;
; Family                          ; Cyclone V                                   ;
; Logic utilization (in ALMs)     ; N/A                                         ;
; Total registers                 ; 40                                          ;
; Total pins                      ; 67                                          ;
; Total virtual pins              ; 0                                           ;
; Total block memory bits         ; 0                                           ;
; Total DSP Blocks                ; 0                                           ;
; Total HSSI RX PCSs              ; 0                                           ;
; Total HSSI PMA RX Deserializers ; 0                                           ;
; Total HSSI TX PCSs              ; 0                                           ;
; Total HSSI PMA TX Serializers   ; 0                                           ;
; Total PLLs                      ; 0                                           ;
; Total DLLs                      ; 0                                           ;
+---------------------------------+---------------------------------------------+


+---------------------------------------------------------------------------------------------------------------------------+
; Analysis & Synthesis Settings                                                                                             ;
+---------------------------------------------------------------------------------+--------------------+--------------------+
; Option                                                                          ; Setting            ; Default Value      ;
+---------------------------------------------------------------------------------+--------------------+--------------------+
; Device                                                                          ; 5CSEMA5F31C6       ;                    ;
; Top-level entity name                                                           ; week_05            ; week_05            ;
; Family name                                                                     ; Cyclone V          ; Cyclone V          ;
; Use smart compilation                                                           ; Off                ; Off                ;
; Enable parallel Assembler and Timing Analyzer during compilation                ; On                 ; On                 ;
; Enable compact report table                                                     ; Off                ; Off                ;
; Restructure Multiplexers                                                        ; Auto               ; Auto               ;
; MLAB Add Timing Constraints For Mixed-Port Feed-Through Mode Setting Don't Care ; Off                ; Off                ;
; Create Debugging Nodes for IP Cores                                             ; Off                ; Off                ;
; Preserve fewer node names                                                       ; On                 ; On                 ;
; Intel FPGA IP Evaluation Mode                                                   ; Enable             ; Enable             ;
; Verilog Version                                                                 ; Verilog_2001       ; Verilog_2001       ;
; VHDL Version                                                                    ; VHDL_1993          ; VHDL_1993          ;
; State Machine Processing                                                        ; Auto               ; Auto               ;
; Safe State Machine                                                              ; Off                ; Off                ;
; Extract Verilog State Machines                                                  ; On                 ; On                 ;
; Extract VHDL State Machines                                                     ; On                 ; On                 ;
; Ignore Verilog initial constructs                                               ; Off                ; Off                ;
; Iteration limit for constant Verilog loops                                      ; 5000               ; 5000               ;
; Iteration limit for non-constant Verilog loops                                  ; 250                ; 250                ;
; Add Pass-Through Logic to Inferred RAMs                                         ; On                 ; On                 ;
; Infer RAMs from Raw Logic                                                       ; On                 ; On                 ;
; Parallel Synthesis                                                              ; On                 ; On                 ;
; DSP Block Balancing                                                             ; Auto               ; Auto               ;
; NOT Gate Push-Back                                                              ; On                 ; On                 ;
; Power-Up Don't Care                                                             ; On                 ; On                 ;
; Remove Redundant Logic Cells                                                    ; Off                ; Off                ;
; Remove Duplicate Registers                                                      ; On                 ; On                 ;
; Ignore CARRY Buffers                                                            ; Off                ; Off                ;
; Ignore CASCADE Buffers                                                          ; Off                ; Off                ;
; Ignore GLOBAL Buffers                                                           ; Off                ; Off                ;
; Ignore ROW GLOBAL Buffers                                                       ; Off                ; Off                ;
; Ignore LCELL Buffers                                                            ; Off                ; Off                ;
; Ignore SOFT Buffers                                                             ; On                 ; On                 ;
; Limit AHDL Integers to 32 Bits                                                  ; Off                ; Off                ;
; Optimization Technique                                                          ; Balanced           ; Balanced           ;
; Carry Chain Length                                                              ; 70                 ; 70                 ;
; Auto Carry Chains                                                               ; On                 ; On                 ;
; Auto Open-Drain Pins                                                            ; On                 ; On                 ;
; Perform WYSIWYG Primitive Resynthesis                                           ; Off                ; Off                ;
; Auto ROM Replacement                                                            ; On                 ; On                 ;
; Auto RAM Replacement                                                            ; On                 ; On                 ;
; Auto DSP Block Replacement                                                      ; On                 ; On                 ;
; Auto Shift Register Replacement                                                 ; Auto               ; Auto               ;
; Allow Shift Register Merging across Hierarchies                                 ; Auto               ; Auto               ;
; Auto Clock Enable Replacement                                                   ; On                 ; On                 ;
; Strict RAM Replacement                                                          ; Off                ; Off                ;
; Allow Synchronous Control Signals                                               ; On                 ; On                 ;
; Force Use of Synchronous Clear Signals                                          ; Off                ; Off                ;
; Auto Resource Sharing                                                           ; Off                ; Off                ;
; Allow Any RAM Size For Recognition                                              ; Off                ; Off                ;
; Allow Any ROM Size For Recognition                                              ; Off                ; Off                ;
; Allow Any Shift Register Size For Recognition                                   ; Off                ; Off                ;
; Use LogicLock Constraints during Resource Balancing                             ; On                 ; On                 ;
; Ignore translate_off and synthesis_off directives                               ; Off                ; Off                ;
; Timing-Driven Synthesis                                                         ; On                 ; On                 ;
; Report Parameter Settings                                                       ; On                 ; On                 ;
; Report Source Assignments                                                       ; On                 ; On                 ;
; Report Connectivity Checks                                                      ; On                 ; On                 ;
; Ignore Maximum Fan-Out Assignments                                              ; Off                ; Off                ;
; Synchronization Register Chain Length                                           ; 3                  ; 3                  ;
; Power Optimization During Synthesis                                             ; Normal compilation ; Normal compilation ;
; HDL message level                                                               ; Level2             ; Level2             ;
; Suppress Register Optimization Related Messages                                 ; Off                ; Off                ;
; Number of Removed Registers Reported in Synthesis Report                        ; 5000               ; 5000               ;
; Number of Swept Nodes Reported in Synthesis Report                              ; 5000               ; 5000               ;
; Number of Inverted Registers Reported in Synthesis Report                       ; 100                ; 100                ;
; Clock MUX Protection                                                            ; On                 ; On                 ;
; Auto Gated Clock Conversion                                                     ; Off                ; Off                ;
; Block Design Naming                                                             ; Auto               ; Auto               ;
; SDC constraint protection                                                       ; Off                ; Off                ;
; Synthesis Effort                                                                ; Auto               ; Auto               ;
; Shift Register Replacement - Allow Asynchronous Clear Signal                    ; On                 ; On                 ;
; Pre-Mapping Resynthesis Optimization                                            ; Off                ; Off                ;
; Analysis & Synthesis Message Level                                              ; Medium             ; Medium             ;
; Disable Register Merging Across Hierarchies                                     ; Auto               ; Auto               ;
; Resource Aware Inference For Block RAM                                          ; On                 ; On                 ;
; Automatic Parallel Synthesis                                                    ; On                 ; On                 ;
; Partial Reconfiguration Bitstream ID                                            ; Off                ; Off                ;
+---------------------------------------------------------------------------------+--------------------+--------------------+


+------------------------------------------+
; Parallel Compilation                     ;
+----------------------------+-------------+
; Processors                 ; Number      ;
+----------------------------+-------------+
; Number detected on machine ; 6           ;
; Maximum allowed            ; 6           ;
;                            ;             ;
; Average used               ; 1.00        ;
; Maximum used               ; 6           ;
;                            ;             ;
; Usage by Processor         ; % Time Used ;
;     Processor 1            ; 100.0%      ;
;     Processors 2-6         ;   0.0%      ;
+----------------------------+-------------+


+---------------------------------------------------------------------------------------------------------------------------------------------------+
; Analysis & Synthesis Source Files Read                                                                                                            ;
+----------------------------------+-----------------+------------------------+-----------------------------------------------------------+---------+
; File Name with User-Entered Path ; Used in Netlist ; File Type              ; File Name with Absolute Path                              ; Library ;
+----------------------------------+-----------------+------------------------+-----------------------------------------------------------+---------+
; segment7.v                       ; yes             ; User Verilog HDL File  ; C:/intelFPGA_lite/xbastyr/PV200/week_05/segment7.v        ;         ;
; week_05.v                        ; yes             ; User Verilog HDL File  ; C:/intelFPGA_lite/xbastyr/PV200/week_05/week_05.v         ;         ;
; up_down_counter.v                ; yes             ; User Verilog HDL File  ; C:/intelFPGA_lite/xbastyr/PV200/week_05/up_down_counter.v ;         ;
; clk_divider.v                    ; yes             ; User Verilog HDL File  ; C:/intelFPGA_lite/xbastyr/PV200/week_05/clk_divider.v     ;         ;
; pwm.v                            ; yes             ; User Verilog HDL File  ; C:/intelFPGA_lite/xbastyr/PV200/week_05/pwm.v             ;         ;
+----------------------------------+-----------------+------------------------+-----------------------------------------------------------+---------+


+----------------------------------------------------------+
; Analysis & Synthesis Resource Usage Summary              ;
+---------------------------------------------+------------+
; Resource                                    ; Usage      ;
+---------------------------------------------+------------+
; Estimate of Logic utilization (ALMs needed) ; 38         ;
;                                             ;            ;
; Combinational ALUT usage for logic          ; 72         ;
;     -- 7 input functions                    ; 0          ;
;     -- 6 input functions                    ; 3          ;
;     -- 5 input functions                    ; 15         ;
;     -- 4 input functions                    ; 14         ;
;     -- <=3 input functions                  ; 40         ;
;                                             ;            ;
; Dedicated logic registers                   ; 40         ;
;                                             ;            ;
; I/O pins                                    ; 67         ;
;                                             ;            ;
; Total DSP Blocks                            ; 0          ;
;                                             ;            ;
; Maximum fan-out node                        ; pwm:u4|out ;
; Maximum fan-out                             ; 26         ;
; Total fan-out                               ; 436        ;
; Average fan-out                             ; 1.77       ;
+---------------------------------------------+------------+


+----------------------------------------------------------------------------------------------------------------------------------------------------------------------------------------------------+
; Analysis & Synthesis Resource Utilization by Entity                                                                                                                                                ;
+----------------------------+---------------------+---------------------------+-------------------+------------+------+--------------+-----------------------------+-----------------+--------------+
; Compilation Hierarchy Node ; Combinational ALUTs ; Dedicated Logic Registers ; Block Memory Bits ; DSP Blocks ; Pins ; Virtual Pins ; Full Hierarchy Name         ; Entity Name     ; Library Name ;
+----------------------------+---------------------+---------------------------+-------------------+------------+------+--------------+-----------------------------+-----------------+--------------+
; |week_05                   ; 72 (0)              ; 40 (0)                    ; 0                 ; 0          ; 67   ; 0            ; |week_05                    ; week_05         ; work         ;
;    |clk_divider:u2|        ; 12 (12)             ; 12 (12)                   ; 0                 ; 0          ; 0    ; 0            ; |week_05|clk_divider:u2     ; clk_divider     ; work         ;
;    |clk_divider:u3|        ; 11 (11)             ; 11 (11)                   ; 0                 ; 0          ; 0    ; 0            ; |week_05|clk_divider:u3     ; clk_divider     ; work         ;
;    |pwm:u4|                ; 12 (12)             ; 9 (9)                     ; 0                 ; 0          ; 0    ; 0            ; |week_05|pwm:u4             ; pwm             ; work         ;
;    |segment7:digit0|       ; 7 (7)               ; 0 (0)                     ; 0                 ; 0          ; 0    ; 0            ; |week_05|segment7:digit0    ; segment7        ; work         ;
;    |segment7:digit1|       ; 7 (7)               ; 0 (0)                     ; 0                 ; 0          ; 0    ; 0            ; |week_05|segment7:digit1    ; segment7        ; work         ;
;    |segment7:digit2|       ; 7 (7)               ; 0 (0)                     ; 0                 ; 0          ; 0    ; 0            ; |week_05|segment7:digit2    ; segment7        ; work         ;
;    |segment7:digit4|       ; 7 (7)               ; 0 (0)                     ; 0                 ; 0          ; 0    ; 0            ; |week_05|segment7:digit4    ; segment7        ; work         ;
;    |up_down_counter:u1|    ; 9 (9)               ; 8 (8)                     ; 0                 ; 0          ; 0    ; 0            ; |week_05|up_down_counter:u1 ; up_down_counter ; work         ;
+----------------------------+---------------------+---------------------------+-------------------+------------+------+--------------+-----------------------------+-----------------+--------------+
Note: For table entries with two numbers listed, the numbers in parentheses indicate the number of resources of the given type used by the specific entity alone. The numbers listed outside of parentheses indicate the total resources of the given type used by the specific entity and all of its sub-entities in the hierarchy.


+------------------------------------------------------------+
; Registers Removed During Synthesis                         ;
+---------------------------------------+--------------------+
; Register name                         ; Reason for Removal ;
+---------------------------------------+--------------------+
; clk_divider:u3|div[11]                ; Lost fanout        ;
; clk_divider:u2|div[12]                ; Lost fanout        ;
; Total Number of Removed Registers = 2 ;                    ;
+---------------------------------------+--------------------+


+------------------------------------------------------+
; General Register Statistics                          ;
+----------------------------------------------+-------+
; Statistic                                    ; Value ;
+----------------------------------------------+-------+
; Total registers                              ; 40    ;
; Number of registers using Synchronous Clear  ; 0     ;
; Number of registers using Synchronous Load   ; 0     ;
; Number of registers using Asynchronous Clear ; 8     ;
; Number of registers using Asynchronous Load  ; 0     ;
; Number of registers using Clock Enable       ; 0     ;
; Number of registers using Preset             ; 0     ;
+----------------------------------------------+-------+


+-------------------------------------------------------------+
; Parameter Settings for User Entity Instance: clk_divider:u2 ;
+----------------+-------+------------------------------------+
; Parameter Name ; Value ; Type                               ;
+----------------+-------+------------------------------------+
; WIDTH          ; 12    ; Signed Integer                     ;
+----------------+-------+------------------------------------+
Note: In order to hide this table in the UI and the text report file, please set the "Show Parameter Settings in Synthesis Report" option in "Analysis and Synthesis Settings -> More Settings" to "Off".


+-------------------------------------------------------------+
; Parameter Settings for User Entity Instance: clk_divider:u3 ;
+----------------+-------+------------------------------------+
; Parameter Name ; Value ; Type                               ;
+----------------+-------+------------------------------------+
; WIDTH          ; 11    ; Signed Integer                     ;
+----------------+-------+------------------------------------+
Note: In order to hide this table in the UI and the text report file, please set the "Show Parameter Settings in Synthesis Report" option in "Analysis and Synthesis Settings -> More Settings" to "Off".


+----------------------------------------------+
; Port Connectivity Checks: "pwm:u4"           ;
+------------+-------+----------+--------------+
; Port       ; Type  ; Severity ; Details      ;
+------------+-------+----------+--------------+
; duty[7..6] ; Input ; Info     ; Stuck at GND ;
+------------+-------+----------+--------------+


+---------------------------------------------+
; Port Connectivity Checks: "segment7:digit5" ;
+------+-------+----------+-------------------+
; Port ; Type  ; Severity ; Details           ;
+------+-------+----------+-------------------+
; data ; Input ; Info     ; Stuck at GND      ;
+------+-------+----------+-------------------+


+---------------------------------------------+
; Port Connectivity Checks: "segment7:digit3" ;
+------+-------+----------+-------------------+
; Port ; Type  ; Severity ; Details           ;
+------+-------+----------+-------------------+
; data ; Input ; Info     ; Stuck at GND      ;
+------+-------+----------+-------------------+


+--------------------------------------------------------------------------------------------------------------------------------------------------------------------------------------------------------------------+
; Port Connectivity Checks: "segment7:digit1"                                                                                                                                                                        ;
+------------+-------+----------+------------------------------------------------------------------------------------------------------------------------------------------------------------------------------------+
; Port       ; Type  ; Severity ; Details                                                                                                                                                                            ;
+------------+-------+----------+------------------------------------------------------------------------------------------------------------------------------------------------------------------------------------+
; enable     ; Input ; Warning  ; Input port expression (32 bits) is wider than the input port (1 bits) it drives.  The 31 most-significant bit(s) in the expression will be dangling if they have no other fanouts. ;
; enable[-1] ; Input ; Info     ; Stuck at VCC                                                                                                                                                                       ;
+------------+-------+----------+------------------------------------------------------------------------------------------------------------------------------------------------------------------------------------+


+--------------------------------------------------------------------------------------------------------------------------------------------------------------------------------------------------------------------+
; Port Connectivity Checks: "segment7:digit0"                                                                                                                                                                        ;
+------------+-------+----------+------------------------------------------------------------------------------------------------------------------------------------------------------------------------------------+
; Port       ; Type  ; Severity ; Details                                                                                                                                                                            ;
+------------+-------+----------+------------------------------------------------------------------------------------------------------------------------------------------------------------------------------------+
; enable     ; Input ; Warning  ; Input port expression (32 bits) is wider than the input port (1 bits) it drives.  The 31 most-significant bit(s) in the expression will be dangling if they have no other fanouts. ;
; enable[-1] ; Input ; Info     ; Stuck at VCC                                                                                                                                                                       ;
+------------+-------+----------+------------------------------------------------------------------------------------------------------------------------------------------------------------------------------------+


+-----------------------------------------------------+
; Post-Synthesis Netlist Statistics for Top Partition ;
+-----------------------+-----------------------------+
; Type                  ; Count                       ;
+-----------------------+-----------------------------+
; arriav_ff             ; 40                          ;
;     CLR               ; 8                           ;
;     plain             ; 32                          ;
; arriav_lcell_comb     ; 76                          ;
;     arith             ; 37                          ;
;         1 data inputs ; 28                          ;
;         2 data inputs ; 9                           ;
;     normal            ; 39                          ;
;         0 data inputs ; 1                           ;
;         1 data inputs ; 6                           ;
;         4 data inputs ; 14                          ;
;         5 data inputs ; 15                          ;
;         6 data inputs ; 3                           ;
; boundary_port         ; 67                          ;
;                       ;                             ;
; Max LUT depth         ; 3.50                        ;
; Average LUT depth     ; 1.71                        ;
+-----------------------+-----------------------------+


+-------------------------------+
; Elapsed Time Per Partition    ;
+----------------+--------------+
; Partition Name ; Elapsed Time ;
+----------------+--------------+
; Top            ; 00:00:00     ;
+----------------+--------------+


+-------------------------------+
; Analysis & Synthesis Messages ;
+-------------------------------+
Info: *******************************************************************
Info: Running Quartus Prime Analysis & Synthesis
    Info: Version 20.1.1 Build 720 11/11/2020 SJ Lite Edition
    Info: Processing started: Thu Oct 26 17:03:40 2023
Info: Command: quartus_map --read_settings_files=on --write_settings_files=off week_05 -c week_05
Warning (18236): Number of processors has not been specified which may cause overloading on shared machines.  Set the global assignment NUM_PARALLEL_PROCESSORS in your QSF to an appropriate value for best performance.
Info (20030): Parallel compilation is enabled and will use 6 of the 6 processors detected
Info (12021): Found 1 design units, including 1 entities, in source file segment7.v
    Info (12023): Found entity 1: segment7 File: C:/intelFPGA_lite/xbastyr/PV200/week_05/segment7.v Line: 2
Info (12021): Found 1 design units, including 1 entities, in source file week_05.v
    Info (12023): Found entity 1: week_05 File: C:/intelFPGA_lite/xbastyr/PV200/week_05/week_05.v Line: 6
Info (12021): Found 1 design units, including 1 entities, in source file up_down_counter.v
    Info (12023): Found entity 1: up_down_counter File: C:/intelFPGA_lite/xbastyr/PV200/week_05/up_down_counter.v Line: 3
Info (12021): Found 1 design units, including 1 entities, in source file clk_divider.v
    Info (12023): Found entity 1: clk_divider File: C:/intelFPGA_lite/xbastyr/PV200/week_05/clk_divider.v Line: 3
Info (12021): Found 1 design units, including 1 entities, in source file pwm.v
    Info (12023): Found entity 1: pwm File: C:/intelFPGA_lite/xbastyr/PV200/week_05/pwm.v Line: 2
Info (12127): Elaborating entity "week_05" for the top level hierarchy
Info (12128): Elaborating entity "segment7" for hierarchy "segment7:digit0" File: C:/intelFPGA_lite/xbastyr/PV200/week_05/week_05.v Line: 54
Warning (10235): Verilog HDL Always Construct warning at segment7.v(12): variable "enable" is read inside the Always Construct but isn't in the Always Construct's Event Control File: C:/intelFPGA_lite/xbastyr/PV200/week_05/segment7.v Line: 12
Info (12128): Elaborating entity "up_down_counter" for hierarchy "up_down_counter:u1" File: C:/intelFPGA_lite/xbastyr/PV200/week_05/week_05.v Line: 80
Warning (10230): Verilog HDL assignment warning at up_down_counter.v(16): truncated value with size 32 to match size of target (8) File: C:/intelFPGA_lite/xbastyr/PV200/week_05/up_down_counter.v Line: 16
Warning (10230): Verilog HDL assignment warning at up_down_counter.v(18): truncated value with size 32 to match size of target (8) File: C:/intelFPGA_lite/xbastyr/PV200/week_05/up_down_counter.v Line: 18
Info (12128): Elaborating entity "clk_divider" for hierarchy "clk_divider:u2" File: C:/intelFPGA_lite/xbastyr/PV200/week_05/week_05.v Line: 93
Warning (10230): Verilog HDL assignment warning at clk_divider.v(13): truncated value with size 32 to match size of target (13) File: C:/intelFPGA_lite/xbastyr/PV200/week_05/clk_divider.v Line: 13
Info (12128): Elaborating entity "clk_divider" for hierarchy "clk_divider:u3" File: C:/intelFPGA_lite/xbastyr/PV200/week_05/week_05.v Line: 100
Warning (10230): Verilog HDL assignment warning at clk_divider.v(13): truncated value with size 32 to match size of target (12) File: C:/intelFPGA_lite/xbastyr/PV200/week_05/clk_divider.v Line: 13
Info (12128): Elaborating entity "pwm" for hierarchy "pwm:u4" File: C:/intelFPGA_lite/xbastyr/PV200/week_05/week_05.v Line: 114
Warning (10230): Verilog HDL assignment warning at pwm.v(11): truncated value with size 32 to match size of target (8) File: C:/intelFPGA_lite/xbastyr/PV200/week_05/pwm.v Line: 11
Warning (10230): Verilog HDL assignment warning at pwm.v(12): truncated value with size 32 to match size of target (1) File: C:/intelFPGA_lite/xbastyr/PV200/week_05/pwm.v Line: 12
Warning (12241): 2 hierarchies have connectivity warnings - see the Connectivity Checks report folder
Warning (13024): Output pins are stuck at VCC or GND
    Warning (13410): Pin "HEX3[6]" is stuck at VCC File: C:/intelFPGA_lite/xbastyr/PV200/week_05/week_05.v Line: 15
    Warning (13410): Pin "HEX5[6]" is stuck at VCC File: C:/intelFPGA_lite/xbastyr/PV200/week_05/week_05.v Line: 17
Info (286030): Timing-Driven Synthesis is running
Info (17049): 2 registers lost all their fanouts during netlist optimizations.
Info (16010): Generating hard_block partition "hard_block:auto_generated_inst"
    Info (16011): Adding 0 node(s), including 0 DDIO, 0 PLL, 0 transceiver and 0 LCELL
Warning (21074): Design contains 3 input pin(s) that do not drive logic
    Warning (15610): No output dependent on input pin "KEY[2]" File: C:/intelFPGA_lite/xbastyr/PV200/week_05/week_05.v Line: 20
    Warning (15610): No output dependent on input pin "KEY[3]" File: C:/intelFPGA_lite/xbastyr/PV200/week_05/week_05.v Line: 20
    Warning (15610): No output dependent on input pin "SW[0]" File: C:/intelFPGA_lite/xbastyr/PV200/week_05/week_05.v Line: 27
Info (21057): Implemented 147 device resources after synthesis - the final resource count might be different
    Info (21058): Implemented 15 input pins
    Info (21059): Implemented 52 output pins
    Info (21061): Implemented 80 logic cells
Info: Quartus Prime Analysis & Synthesis was successful. 0 errors, 16 warnings
    Info: Peak virtual memory: 4846 megabytes
    Info: Processing ended: Thu Oct 26 17:03:48 2023
    Info: Elapsed time: 00:00:08
    Info: Total CPU time (on all processors): 00:00:15


